604 867 1
140 337 1
311 760 1
230 356 1
225 592 1
629 697 1
272 496 1
335 440 1
121 437 1
147 561 1
957 962 1
532 597 1
227 292 1
218 269 1
277 725 1
316 434 1
514 843 1
208 401 1
634 974 1
811 852 1
560 798 1
275 950 1
394 983 1
145 686 1
181 867 1
186 646 1
516 794 1
275 944 1
344 933 1
390 864 1
324 442 1
485 507 1
63 902 1
41 713 1
19 322 1
37 359 1
533 740 1
6 361 1
173 289 1
130 993 1
296 489 1
161 523 1
515 696 1
603 683 1
128 937 1
63 673 1
3 178 1
439 742 1
506 873 1
500 679 1
256 463 1
653 893 1
137 301 1
25 678 1
42 924 1
381 419 1
119 156 1
259 561 1
41 63 1
351 461 1
27 255 1
220 787 1
150 716 1
152 919 1
184 933 1
447 767 1
247 903 1
434 472 1
406 878 1
332 449 1
389 751 1
42 875 1
20 859 1
830 882 1
396 667 1
156 838 1
627 637 1
18 31 1
914 982 1
263 404 1
280 759 1
304 589 1
56 868 1
32 586 1
148 529 1
308 777 1
218 839 1
238 613 1
176 627 1
114 297 1
550 884 1
182 422 1
176 989 1
344 394 1
73 451 1
551 907 1
8 994 1
660 970 1
191 419 1
270 537 1
591 895 1
300 304 1
375 917 1
953 991 1
368 724 1
415 740 1
766 849 1
297 433 1
156 652 1
456 574 1
325 446 1
559 776 1
122 820 1
662 825 1
649 801 1
286 552 1
113 946 1
324 883 1
316 479 1
594 641 1
119 835 1
445 660 1
419 562 1
262 991 1
488 751 1
946 986 1
4 179 1
877 906 1
584 649 1
166 287 1
240 555 1
192 925 1
920 983 1
74 78 1
340 829 1
333 850 1
170 366 1
547 717 1
184 574 1
372 450 1
9 74 1
65 773 1
175 574 1
98 244 1
152 229 1
37 327 1
455 491 1
699 904 1
119 324 1
278 999 1
54 536 1
797 827 1
187 598 1
162 318 1
84 892 1
181 990 1
634 660 1
433 496 1
210 431 1
399 886 1
891 967 1
109 816 1
375 756 1
208 647 1
123 946 1
0 349 1
302 837 1
77 510 1
620 900 1
5 619 1
17 668 1
170 738 1
154 211 1
36 40 1
287 497 1
102 143 1
363 830 1
66 581 1
219 268 1
416 507 1
351 574 1
64 346 1
166 629 1
318 454 1
500 645 1
612 643 1
513 701 1
738 902 1
669 870 1
322 994 1
67 902 1
286 294 1
283 611 1
751 936 1
765 844 1
184 389 1
345 819 1
265 380 1
759 929 1
304 548 1
328 334 1
94 965 1
407 807 1
683 921 1
420 553 1
307 722 1
33 968 1
199 712 1
384 600 1
258 758 1
235 276 1
317 721 1
594 864 1
458 573 1
894 903 1
398 567 1
474 553 1
405 729 1
885 943 1
144 445 1
728 896 1
61 332 1
428 695 1
337 794 1
14 639 1
524 885 1
125 142 1
690 768 1
225 744 1
372 900 1
206 346 1
504 862 1
289 836 1
573 844 1
160 724 1
120 932 1
622 796 1
341 455 1
99 337 1
414 518 1
43 357 1
668 705 1
103 161 1
208 521 1
266 786 1
226 696 1
829 845 1
424 634 1
199 727 1
72 142 1
312 445 1
428 488 1
280 608 1
415 605 1
122 809 1
339 590 1
449 870 1
392 409 1
0 645 1
11 968 1
498 933 1
351 706 1
705 765 1
0 721 1
588 779 1
527 550 1
593 767 1
127 698 1
96 663 1
248 750 1
470 869 1
161 242 1
15 790 1
63 840 1
157 431 1
726 752 1
21 755 1
70 764 1
703 949 1
469 544 1
8 217 1
417 761 1
98 123 1
312 504 1
473 713 1
865 935 1
325 603 1
212 427 1
232 379 1
599 631 1
478 498 1
101 832 1
238 753 1
564 594 1
150 574 1
72 301 1
201 228 1
331 821 1
363 559 1
247 751 1
135 190 1
342 924 1
21 317 1
355 538 1
813 992 1
602 745 1
376 722 1
613 669 1
191 699 1
289 932 1
14 153 1
240 662 1
506 950 1
329 572 1
507 934 1
10 427 1
172 574 1
119 417 1
44 490 1
164 770 1
413 901 1
556 668 1
669 951 1
570 964 1
66 620 1
6 618 1
377 854 1
135 618 1
223 726 1
181 712 1
95 223 1
568 689 1
11 803 1
380 829 1
148 866 1
124 398 1
649 657 1
170 389 1
757 917 1
110 908 1
385 722 1
258 332 1
219 269 1
345 821 1
283 576 1
173 424 1
299 500 1
358 440 1
392 562 1
742 776 1
24 83 1
349 710 1
270 334 1
679 704 1
656 982 1
388 627 1
485 705 1
582 852 1
874 914 1
88 682 1
443 554 1
7 42 1
62 948 1
107 973 1
667 802 1
832 908 1
492 912 1
672 921 1
373 902 1
684 778 1
278 341 1
402 467 1
775 804 1
175 795 1
158 651 1
337 901 1
556 592 1
356 617 1
133 665 1
963 965 1
196 847 1
143 787 1
51 457 1
116 623 1
38 343 1
167 634 1
16 534 1
569 648 1
650 981 1
224 420 1
225 466 1
719 975 1
285 916 1
381 909 1
501 634 1
402 973 1
288 633 1
907 989 1
149 581 1
405 761 1
124 936 1
108 220 1
5 857 1
67 754 1
212 463 1
487 956 1
305 942 1
120 710 1
423 837 1
375 977 1
155 466 1
127 652 1
122 676 1
164 306 1
497 887 1
927 934 1
980 981 1
651 658 1
590 593 1
434 860 1
8 161 1
28 721 1
150 376 1
338 410 1
885 897 1
246 509 1
522 956 1
22 929 1
23 921 1
552 588 1
80 648 1
135 270 1
108 831 1
164 905 1
595 643 1
568 691 1
255 849 1
463 634 1
107 325 1
121 182 1
565 599 1
534 766 1
142 212 1
625 791 1
303 945 1
20 706 1
63 540 1
719 955 1
534 922 1
338 554 1
282 733 1
89 502 1
150 984 1
887 930 1
305 847 1
218 324 1
263 837 1
813 974 1
19 919 1
122 913 1
12 317 1
94 482 1
107 842 1
522 866 1
8 334 1
332 445 1
48 491 1
27 679 1
412 911 1
88 515 1
89 195 1
645 698 1
569 815 1
109 867 1
655 875 1
841 992 1
854 936 1
384 829 1
278 938 1
172 836 1
494 963 1
145 760 1
597 906 1
19 54 1
436 782 1
380 471 1
404 814 1
131 482 1
618 795 1
367 586 1
834 997 1
589 758 1
181 548 1
634 675 1
174 884 1
298 342 1
566 939 1
915 927 1
548 934 1
77 872 1
305 799 1
148 252 1
243 981 1
322 927 1
300 315 1
12 477 1
458 698 1
502 777 1
476 511 1
622 694 1
35 522 1
694 900 1
239 758 1
467 926 1
526 688 1
154 468 1
439 662 1
41 307 1
597 943 1
131 298 1
718 861 1
321 744 1
128 503 1
78 273 1
353 432 1
537 630 1
6 56 1
276 761 1
24 771 1
685 793 1
423 679 1
112 121 1
792 808 1
270 450 1
222 814 1
143 831 1
509 914 1
480 706 1
20 951 1
269 948 1
601 659 1
291 304 1
847 852 1
767 889 1
318 831 1
369 951 1
377 563 1
497 701 1
49 654 1
323 720 1
318 987 1
718 939 1
138 204 1
223 292 1
843 985 1
530 740 1
563 807 1
52 416 1
99 828 1
149 315 1
682 741 1
159 620 1
619 936 1
93 452 1
746 892 1
418 559 1
306 817 1
300 371 1
238 993 1
377 904 1
344 416 1
76 811 1
373 904 1
288 986 1
1 873 1
265 366 1
698 811 1
809 929 1
67 730 1
345 346 1
370 542 1
129 200 1
98 795 1
48 956 1
303 829 1
677 832 1
718 854 1
770 904 1
553 975 1
581 697 1
153 588 1
193 307 1
319 865 1
184 623 1
16 988 1
148 361 1
147 260 1
586 691 1
227 979 1
395 732 1
368 702 1
77 734 1
361 631 1
441 600 1
61 806 1
374 715 1
612 883 1
400 422 1
389 823 1
702 906 1
95 688 1
393 619 1
240 737 1
566 831 1
702 802 1
629 729 1
143 229 1
810 905 1
950 978 1
533 700 1
251 865 1
539 953 1
824 893 1
17 153 1
285 779 1
164 923 1
161 530 1
507 614 1
388 834 1
50 453 1
477 819 1
662 912 1
117 451 1
102 438 1
12 411 1
232 734 1
365 749 1
231 673 1
434 546 1
348 860 1
377 559 1
540 872 1
757 979 1
117 444 1
560 891 1
888 961 1
26 204 1
344 840 1
717 883 1
142 278 1
58 804 1
495 950 1
938 983 1
499 590 1
248 985 1
256 433 1
573 920 1
200 466 1
274 896 1
496 679 1
350 583 1
96 319 1
537 858 1
309 673 1
225 309 1
260 772 1
472 760 1
579 767 1
361 441 1
701 794 1
158 194 1
373 794 1
634 991 1
636 678 1
53 472 1
162 994 1
49 299 1
544 738 1
415 716 1
572 698 1
201 892 1
244 535 1
170 731 1
2 427 1
132 863 1
83 807 1
130 896 1
545 723 1
405 733 1
210 694 1
239 791 1
159 922 1
248 800 1
256 599 1
241 328 1
96 932 1
194 704 1
46 347 1
24 535 1
19 762 1
523 686 1
475 680 1
93 377 1
982 985 1
203 589 1
7 41 1
584 682 1
916 924 1
77 989 1
128 845 1
74 129 1
405 669 1
434 844 1
79 675 1
42 289 1
298 820 1
802 817 1
263 705 1
231 903 1
517 847 1
183 591 1
799 897 1
286 922 1
226 441 1
157 626 1
122 996 1
94 951 1
224 839 1
246 399 1
2 581 1
629 926 1
520 724 1
722 863 1
42 639 1
141 453 1
542 711 1
318 457 1
305 553 1
85 397 1
21 414 1
427 580 1
167 833 1
124 867 1
711 929 1
186 818 1
407 442 1
85 355 1
360 410 1
239 815 1
377 657 1
507 633 1
287 291 1
190 214 1
683 728 1
268 481 1
391 625 1
115 228 1
340 702 1
608 732 1
585 640 1
323 779 1
108 624 1
108 748 1
664 787 1
99 516 1
180 420 1
155 636 1
340 652 1
345 472 1
419 558 1
243 898 1
784 797 1
628 631 1
287 550 1
388 426 1
750 902 1
298 577 1
28 940 1
50 553 1
13 542 1
439 980 1
885 982 1
169 624 1
236 398 1
8 232 1
206 387 1
127 275 1
269 278 1
151 656 1
666 961 1
325 959 1
306 491 1
444 505 1
327 800 1
227 846 1
153 810 1
69 784 1
498 858 1
469 979 1
621 706 1
270 825 1
359 374 1
199 565 1
117 576 1
175 556 1
495 914 1
280 757 1
139 930 1
60 268 1
29 104 1
567 706 1
552 603 1
820 917 1
324 782 1
622 764 1
478 728 1
239 731 1
763 912 1
390 400 1
319 872 1
52 190 1
252 507 1
400 806 1
249 859 1
287 420 1
416 925 1
184 996 1
449 550 1
372 528 1
350 618 1
163 269 1
124 554 1
24 876 1
965 983 1
963 973 1
69 442 1
346 365 1
547 739 1
478 619 1
24 115 1
275 317 1
618 635 1
204 226 1
713 731 1
237 297 1
543 942 1
113 807 1
45 299 1
93 540 1
74 573 1
77 704 1
660 926 1
793 810 1
11 52 1
69 495 1
10 791 1
156 602 1
477 552 1
15 861 1
604 836 1
115 555 1
269 973 1
116 174 1
122 431 1
77 275 1
533 971 1
120 181 1
584 702 1
182 865 1
513 847 1
49 927 1
408 525 1
234 339 1
195 618 1
31 923 1
54 796 1
483 796 1
441 463 1
850 864 1
176 725 1
454 506 1
33 170 1
189 992 1
28 75 1
432 984 1
338 404 1
109 534 1
156 738 1
441 456 1
83 451 1
701 773 1
355 376 1
189 688 1
39 291 1
526 964 1
564 565 1
81 762 1
196 411 1
431 977 1
260 294 1
302 542 1
118 927 1
535 567 1
306 309 1
122 803 1
12 796 1
674 835 1
931 938 1
199 339 1
184 486 1
16 909 1
63 282 1
32 661 1
404 480 1
233 823 1
96 298 1
11 315 1
306 542 1
274 404 1
286 644 1
319 891 1
500 883 1
17 150 1
589 647 1
355 693 1
418 635 1
233 745 1
39 872 1
42 95 1
23 570 1
132 889 1
236 623 1
82 213 1
181 251 1
604 682 1
96 999 1
121 400 1
248 711 1
296 707 1
305 878 1
465 890 1
780 887 1
664 722 1
686 692 1
801 913 1
223 591 1
101 601 1
316 712 1
112 761 1
456 923 1
728 986 1
784 813 1
89 331 1
332 511 1
0 733 1
309 618 1
423 582 1
18 103 1
127 277 1
307 787 1
321 752 1
674 705 1
275 899 1
83 497 1
234 558 1
134 621 1
400 857 1
110 466 1
617 912 1
507 636 1
1 479 1
517 898 1
65 565 1
309 778 1
324 738 1
91 712 1
430 531 1
98 875 1
99 137 1
153 210 1
384 815 1
75 80 1
34 595 1
102 593 1
712 749 1
186 195 1
228 229 1
45 323 1
213 464 1
233 993 1
213 832 1
578 733 1
395 674 1
526 835 1
774 827 1
372 613 1
137 598 1
31 593 1
60 920 1
196 727 2
715 989 2
25 251 2
324 869 2
666 872 2
305 831 2
343 477 2
232 654 2
142 226 2
392 712 2
462 805 2
379 889 2
33 730 2
106 253 2
297 623 2
395 803 2
305 591 2
624 676 2
205 351 2
516 913 2
290 616 2
510 987 2
631 777 2
153 294 2
354 398 2
93 175 2
152 671 2
186 369 2
28 176 2
541 703 2
185 270 2
76 879 2
804 819 2
392 425 2
180 896 2
353 476 2
37 628 2
624 678 2
227 640 2
304 382 2
19 899 2
142 713 2
489 599 2
38 119 2
220 820 2
566 894 2
48 411 2
366 737 2
358 686 2
666 789 2
302 386 2
722 960 2
1 524 2
220 379 2
629 948 2
243 872 2
266 791 2
247 290 2
171 430 2
85 109 2
143 987 2
426 824 2
6 724 2
127 244 2
282 781 2
181 863 2
429 446 2
134 937 2
416 450 2
931 942 2
106 780 2
150 300 2
118 874 2
757 924 2
145 483 2
950 963 2
502 731 2
163 751 2
14 578 2
233 433 2
956 992 2
4 539 2
107 333 2
496 512 2
68 317 2
357 470 2
245 997 2
761 764 2
160 661 2
660 944 2
301 974 2
360 672 2
140 984 2
154 589 2
154 678 2
680 837 2
827 861 2
162 215 2
242 387 2
101 324 2
59 768 2
24 667 2
452 577 2
664 968 2
912 996 2
162 856 2
410 612 2
4 266 2
169 466 2
761 879 2
3 143 2
296 361 2
129 640 2
152 362 2
50 160 2
390 487 2
246 863 2
14 768 2
14 398 2
404 510 2
168 665 2
700 822 2
612 858 2
540 887 2
13 656 2
54 479 2
626 786 2
403 463 2
149 771 2
503 636 2
173 379 2
17 983 2
335 441 2
350 938 2
633 992 2
125 263 2
461 613 2
171 647 2
679 736 2
48 846 2
19 642 2
567 916 2
645 736 2
435 951 2
59 359 2
301 900 2
245 830 2
85 301 2
200 586 2
237 388 2
52 432 2
335 952 2
732 909 2
137 168 2
696 932 2
151 763 2
217 947 2
832 879 2
245 366 2
133 969 2
118 786 2
52 380 2
563 773 2
240 315 2
542 684 2
572 579 2
475 897 2
632 907 2
126 471 2
214 286 2
375 816 2
617 622 2
319 671 2
72 467 2
123 336 2
790 904 2
78 518 2
683 850 2
97 726 2
463 847 2
271 433 2
277 797 2
320 505 2
72 191 2
286 467 2
692 749 2
122 883 2
137 447 2
494 708 2
573 692 2
621 759 2
598 829 2
571 788 2
28 282 2
5 977 2
540 594 2
317 792 2
542 884 2
147 285 2
322 461 2
39 791 2
22 505 2
617 652 2
365 794 2
124 808 2
6 720 2
238 262 2
34 872 2
492 775 2
365 475 2
584 896 2
197 940 2
556 566 2
37 820 2
0 187 2
108 610 2
870 929 2
701 899 2
251 831 2
678 753 2
125 562 2
333 642 2
545 548 2
220 654 2
303 639 2
75 516 2
216 627 2
373 825 2
500 681 2
619 939 2
162 716 2
2 739 2
97 938 2
232 579 2
648 724 2
328 940 2
729 952 2
460 896 2
259 877 2
483 894 2
224 254 2
448 947 2
203 352 2
455 782 2
4 431 2
183 221 2
306 396 2
282 346 2
252 577 2
72 935 2
879 954 2
345 945 2
34 741 2
80 316 2
181 352 2
283 888 2
330 632 2
817 900 2
808 950 2
263 751 2
147 699 2
258 935 2
631 748 2
663 850 2
524 895 2
647 916 2
536 773 2
62 554 2
216 734 2
37 665 2
316 583 2
418 619 2
255 858 2
85 529 2
317 378 2
484 544 2
154 618 2
441 645 2
516 671 2
146 500 2
374 440 2
229 697 2
307 764 2
171 257 2
417 951 2
550 942 2
36 883 2
824 963 2
159 903 2
505 669 2
100 194 2
137 417 2
679 719 2
558 774 2
673 894 2
261 846 2
92 742 2
513 717 2
341 564 2
439 916 2
584 885 2
451 833 2
370 484 2
40 142 2
45 529 2
58 366 2
80 447 2
4 526 2
623 972 2
96 238 2
670 737 2
179 935 2
244 248 2
205 367 2
714 810 2
599 869 2
179 541 2
231 688 2
264 975 2
182 442 2
90 691 2
205 795 2
317 395 2
270 462 2
416 560 2
296 459 2
550 805 2
392 668 2
79 993 2
411 597 2
409 717 2
188 560 2
657 855 2
276 871 2
378 804 2
447 631 2
409 964 2
138 631 2
129 479 2
286 497 2
128 952 2
406 537 2
633 928 2
439 725 2
13 946 2
29 710 2
544 683 2
98 638 2
123 533 2
235 271 2
509 952 2
919 980 2
283 698 2
360 698 2
768 956 2
303 366 2
412 855 2
365 921 2
698 958 2
20 594 2
226 943 2
165 665 2
437 541 2
421 792 2
294 609 2
656 834 2
365 828 2
53 925 2
461 631 2
62 622 2
435 516 2
44 454 2
380 503 2
322 990 2
753 978 2
224 493 2
246 375 2
558 649 2
139 222 2
401 680 2
28 201 2
537 808 2
107 401 2
482 970 2
630 930 2
313 851 2
156 802 2
47 586 2
626 942 2
224 410 2
821 998 2
17 809 2
53 822 2
476 997 2
14 914 2
71 696 2
684 709 2
340 914 2
341 846 2
170 332 2
862 964 2
487 776 2
346 877 2
176 196 2
131 911 2
76 882 2
68 311 2
42 603 2
382 511 2
346 437 2
101 438 2
791 867 2
844 935 2
264 482 2
249 805 2
422 772 2
710 805 2
42 528 2
265 692 2
729 946 2
183 246 2
139 171 2
247 552 2
174 291 2
55 624 2
205 862 2
342 610 2
283 423 2
61 78 2
568 903 2
388 722 2
136 886 2
629 723 2
502 873 2
389 533 2
622 892 2
194 255 2
923 977 2
15 386 2
25 344 2
258 291 2
488 644 2
646 860 2
111 891 2
110 397 2
404 821 2
25 616 2
279 680 2
355 543 2
119 635 2
85 295 2
668 807 2
1 359 2
839 996 2
905 958 2
509 770 2
955 976 2
89 898 2
339 845 2
110 639 2
889 893 2
8 143 2
838 959 2
232 401 2
219 403 2
253 919 2
550 907 2
72 715 2
494 618 2
459 558 2
701 886 2
525 972 2
804 962 2
451 796 2
634 663 2
44 944 2
371 829 2
151 449 2
694 840 2
399 992 2
55 810 2
360 894 2
94 267 2
100 295 2
555 780 2
476 962 2
1 811 2
307 642 2
212 234 2
2 879 2
52 633 2
285 571 2
351 991 2
220 525 2
425 959 2
556 675 2
90 786 2
18 899 2
947 960 2
361 651 2
368 484 2
171 954 2
278 705 2
198 465 2
833 994 2
491 517 2
87 680 2
552 799 2
15 956 2
19 638 2
326 434 2
235 348 2
121 855 2
185 691 2
16 804 2
453 992 2
3 501 2
35 231 2
125 411 2
347 418 2
511 909 2
86 95 2
52 466 2
53 963 2
249 909 2
200 582 2
562 759 2
297 998 2
702 909 2
349 829 2
503 546 2
269 885 2
52 320 2
166 249 2
15 52 2
29 148 2
67 434 2
118 591 2
1 749 2
485 995 2
456 676 2
730 994 2
103 866 2
810 952 2
140 785 2
225 470 2
333 658 2
577 878 2
834 979 2
62 618 2
353 444 2
287 614 2
358 917 2
147 208 2
60 705 2
241 293 2
249 452 2
593 749 2
402 819 2
166 929 2
391 558 2
797 959 2
324 849 2
292 656 2
318 874 2
596 711 2
354 457 2
410 906 2
381 512 2
529 666 2
126 738 2
238 349 2
257 722 2
111 778 2
130 663 2
68 852 2
218 941 2
714 923 2
49 658 2
396 709 2
72 752 2
122 779 2
509 596 2
221 738 2
96 666 2
118 593 2
587 672 2
664 705 2
145 519 2
87 154 2
830 989 2
813 862 2
392 680 2
225 685 2
305 658 2
46 668 2
683 792 2
567 985 2
38 490 2
449 481 2
952 965 2
647 975 2
26 300 2
395 745 2
640 647 2
282 787 2
10 775 2
127 737 2
348 746 2
663 975 2
816 934 2
20 940 2
34 386 2
217 791 2
588 992 2
7 12 2
306 857 2
885 987 2
614 888 2
56 407 2
322 495 2
21 169 2
559 913 2
3 730 2
179 907 2
642 929 2
397 941 2
156 784 2
652 893 2
27 30 2
38 747 2
263 423 2
76 285 2
596 613 2
116 491 2
340 836 2
629 908 2
898 928 2
59 515 2
249 570 2
587 707 2
611 989 2
124 782 2
327 979 2
353 830 2
270 536 2
445 597 2
577 998 2
696 726 2
17 709 2
246 609 2
563 755 2
543 876 2
647 757 2
425 790 2
362 581 2
250 893 2
273 991 2
173 321 2
52 996 2
340 928 2
326 836 2
473 649 2
499 568 2
475 591 2
584 725 2
212 263 2
850 986 2
78 127 2
208 304 2
179 834 2
651 944 2
268 936 2
656 890 2
279 666 2
163 619 2
364 796 2
321 459 2
32 523 2
447 954 2
149 194 2
77 689 2
240 906 2
540 787 2
83 241 2
248 564 2
96 327 2
153 900 2
777 911 2
58 787 2
40 587 2
812 892 2
416 609 2
471 904 2
56 217 2
292 960 2
569 911 2
172 824 2
540 889 2
237 382 2
666 734 2
125 335 2
242 882 2
227 648 2
140 963 2
265 625 2
614 720 2
166 968 2
71 768 2
125 616 2
867 912 2
410 567 2
135 606 2
566 755 2
196 913 2
790 820 2
440 734 2
250 324 2
7 400 2
118 730 2
70 962 2
427 970 2
598 599 2
135 662 2
329 996 2
10 38 2
335 578 2
33 90 2
125 680 2
31 889 2
846 975 2
325 463 2
471 824 2
472 827 2
472 746 2
520 878 2
451 471 2
619 914 2
54 684 2
218 305 2
411 927 2
160 533 2
529 603 2
214 762 2
503 678 2
643 856 2
414 528 2
167 746 2
68 462 2
101 277 2
480 660 2
4 36 2
449 614 2
507 736 2
461 745 2
66 292 2
304 653 2
325 662 2
617 844 2
785 979 2
283 521 2
98 943 2
242 975 2
287 353 2
733 987 2
543 959 2
556 633 2
433 977 2
583 599 2
35 722 2
419 548 2
785 893 2
120 709 2
203 463 2
292 853 2
71 278 2
286 302 2
188 435 2
518 645 2
453 889 2
636 772 2
750 927 2
188 292 2
216 266 2
257 317 2
427 748 2
483 552 2
396 870 2
666 815 2
271 726 2
631 790 2
3 738 2
143 708 2
287 629 2
467 569 2
81 611 2
215 535 2
655 703 2
271 585 2
110 195 2
67 755 2
138 266 2
144 443 2
591 930 2
550 904 2
253 294 2
476 489 2
19 509 2
115 898 2
316 859 2
187 716 2
80 512 2
752 993 2
673 808 2
225 620 2
477 838 2
328 511 2
264 907 2
766 948 2
810 925 2
10 47 2
675 894 2
114 908 2
540 682 2
385 528 2
876 984 2
136 519 2
466 540 2
605 713 2
222 901 2
750 824 2
235 342 2
94 976 2
759 983 2
82 880 2
342 910 2
303 787 2
110 161 2
388 740 2
45 804 2
491 995 2
612 956 2
30 94 2
869 890 2
206 463 2
555 685 2
253 917 2
267 484 2
26 396 2
19 125 2
565 584 2
667 989 2
657 773 2
4 875 2
82 506 2
472 511 2
169 722 2
192 457 2
11 938 2
199 709 2
426 522 2
218 828 2
61 736 2
291 704 2
298 526 2
132 459 2
381 997 2
50 972 2
615 738 2
794 915 2
236 898 2
209 781 2
731 827 2
522 990 2
5 508 2
476 542 2
107 228 2
602 614 2
187 374 2
260 570 2
837 866 2
445 557 2
217 773 2
131 967 2
529 837 2
491 547 2
127 458 2
971 978 2
137 515 2
398 820 2
795 979 2
653 985 2
181 346 2
124 752 2
585 842 2
98 264 2
117 379 2
581 695 2
285 381 2
408 572 2
549 660 2
289 490 2
8 271 2
38 758 2
187 425 2
488 517 2
630 731 2
55 344 2
94 249 2
234 894 2
120 837 2
149 746 2
837 849 2
263 725 2
33 721 2
568 887 2
716 864 2
273 383 2
402 917 2
578 812 2
173 916 2
228 970 2
415 927 2
664 682 2
0 394 2
299 896 2
212 240 2
586 699 2
287 469 2
58 225 2
553 680 2
337 854 2
95 585 2
404 758 2
318 901 2
331 559 2
34 298 2
337 900 2
628 890 2
862 989 2
234 904 2
733 950 2
518 852 2
431 750 2
104 225 2
573 940 2
126 194 2
282 323 2
24 870 2
243 871 2
128 985 2
344 855 2
674 823 2
242 876 2
55 257 2
153 550 2
418 801 2
430 737 2
190 340 2
506 630 2
60 630 2
113 202 2
465 673 2
269 929 2
682 933 2
740 841 2
713 802 2
380 406 2
682 856 2
870 899 2
391 844 2
313 752 2
848 999 2
250 661 2
326 875 2
753 869 2
70 341 2
128 265 2
32 268 2
150 211 2
28 564 2
335 970 2
672 755 2
252 682 2
716 833 2
439 779 2
448 873 2
393 930 2
399 877 2
269 913 2
36 142 2
354 538 2
81 887 2
123 380 2
419 886 2
519 629 2
795 838 2
20 265 2
291 367 2
306 447 2
792 863 3
54 154 3
615 808 3
148 195 3
264 468 3
131 458 3
46 350 3
167 583 3
680 741 3
828 986 3
4 832 3
686 716 3
392 903 3
616 955 3
602 750 3
122 250 3
755 937 3
156 226 3
78 514 3
155 460 3
507 698 3
204 923 3
288 309 3
52 525 3
339 667 3
30 72 3
35 903 3
227 366 3
625 990 3
435 887 3
303 811 3
79 944 3
619 700 3
407 860 3
11 554 3
569 969 3
244 551 3
105 850 3
519 724 3
408 754 3
156 650 3
253 587 3
783 968 3
417 443 3
577 872 3
0 739 3
647 667 3
224 671 3
536 779 3
94 762 3
7 873 3
540 748 3
275 703 3
791 959 3
876 960 3
284 744 3
452 850 3
297 327 3
728 787 3
226 788 3
53 273 3
29 323 3
80 198 3
609 861 3
254 600 3
122 433 3
68 362 3
164 893 3
471 840 3
220 813 3
137 801 3
502 585 3
42 422 3
487 820 3
582 799 3
43 190 3
638 718 3
669 910 3
228 566 3
170 974 3
664 807 3
492 729 3
798 935 3
295 460 3
668 949 3
386 596 3
722 810 3
401 782 3
840 910 3
41 985 3
69 510 3
379 733 3
35 277 3
216 219 3
154 843 3
671 881 3
251 933 3
573 701 3
337 496 3
250 941 3
490 558 3
594 924 3
81 734 3
611 777 3
210 754 3
88 117 3
4 697 3
440 692 3
951 953 3
586 869 3
111 342 3
15 395 3
241 887 3
832 917 3
571 782 3
45 720 3
11 88 3
283 953 3
365 391 3
180 904 3
263 724 3
616 919 3
264 821 3
3 752 3
378 421 3
80 887 3
249 701 3
530 805 3
157 372 3
343 801 3
772 884 3
326 648 3
424 541 3
480 576 3
524 550 3
582 792 3
274 438 3
641 761 3
132 658 3
876 907 3
211 283 3
616 943 3
88 538 3
514 709 3
177 444 3
256 548 3
731 826 3
153 906 3
385 895 3
97 392 3
666 795 3
530 949 3
548 732 3
784 921 3
252 379 3
348 960 3
521 568 3
100 797 3
395 582 3
392 734 3
142 487 3
29 612 3
589 888 3
247 368 3
562 871 3
298 619 3
260 634 3
163 796 3
578 701 3
166 473 3
287 593 3
712 842 3
513 552 3
279 287 3
367 714 3
211 440 3
156 584 3
57 541 3
233 835 3
323 778 3
412 630 3
466 819 3
230 300 3
228 971 3
142 535 3
418 902 3
474 764 3
262 481 3
806 876 3
220 740 3
388 712 3
313 546 3
51 150 3
693 807 3
309 535 3
574 949 3
551 791 3
674 697 3
44 734 3
182 522 3
538 618 3
636 976 3
589 940 3
528 973 3
854 983 3
890 992 3
331 712 3
305 792 3
261 357 3
456 881 3
233 934 3
185 518 3
38 491 3
467 468 3
315 676 3
62 892 3
354 535 3
19 411 3
441 949 3
464 869 3
444 797 3
217 318 3
475 734 3
262 745 3
142 574 3
74 813 3
466 726 3
289 610 3
482 632 3
147 210 3
899 945 3
399 495 3
629 983 3
46 237 3
640 868 3
107 262 3
104 637 3
607 894 3
412 564 3
600 954 3
308 349 3
270 644 3
44 678 3
512 676 3
298 732 3
10 240 3
510 822 3
362 659 3
452 800 3
373 868 3
48 182 3
181 857 3
511 657 3
523 717 3
319 731 3
803 871 3
300 787 3
520 621 3
559 988 3
192 553 3
700 702 3
423 748 3
656 662 3
253 700 3
102 894 3
178 265 3
249 905 3
146 784 3
522 771 3
495 855 3
531 704 3
758 865 3
539 686 3
548 619 3
269 617 3
965 985 3
574 795 3
77 692 3
652 795 3
927 964 3
194 911 3
175 470 3
150 930 3
3 398 3
364 487 3
318 347 3
485 595 3
875 996 3
262 401 3
128 175 3
748 970 3
286 541 3
10 532 3
220 780 3
35 560 3
194 721 3
13 326 3
802 950 3
320 661 3
164 454 3
47 893 3
579 869 3
341 420 3
15 555 3
235 611 3
336 793 3
413 443 3
139 913 3
168 606 3
469 745 3
96 295 3
219 566 3
308 314 3
173 783 3
635 720 3
247 328 3
294 428 3
24 166 3
357 719 3
419 609 3
3 451 3
414 935 3
510 630 3
322 960 3
204 591 3
160 770 3
168 436 3
633 818 3
853 939 3
148 466 3
183 674 3
673 715 3
203 312 3
577 730 3
908 950 3
157 750 3
814 835 3
403 977 3
270 887 3
148 336 3
185 628 3
68 72 3
131 832 3
289 563 3
533 838 3
827 837 3
92 858 3
358 810 3
679 897 3
570 576 3
161 185 3
585 943 3
300 440 3
181 584 3
332 407 3
95 209 3
237 249 3
255 753 3
214 715 3
962 968 3
245 494 3
426 612 3
440 504 3
678 727 3
677 952 3
513 571 3
504 655 3
911 960 3
808 961 3
130 953 3
621 835 3
184 395 3
136 210 3
466 622 3
512 602 3
647 706 3
485 819 3
395 486 3
364 402 3
110 888 3
922 926 3
378 390 3
546 598 3
440 589 3
272 592 3
16 213 3
452 998 3
630 750 3
445 710 3
281 506 3
718 752 3
453 701 3
513 787 3
360 797 3
78 683 3
73 754 3
242 566 3
260 263 3
292 298 3
82 658 3
325 690 3
665 698 3
253 760 3
230 920 3
112 420 3
603 809 3
370 519 3
74 428 3
20 644 3
187 593 3
18 621 3
19 766 3
563 868 3
22 287 3
47 458 3
27 276 3
298 303 3
485 979 3
73 449 3
442 985 3
107 398 3
159 812 3
234 935 3
280 659 3
359 945 3
115 801 3
167 519 3
193 821 3
421 925 3
255 551 3
72 889 3
214 256 3
383 766 3
636 917 3
40 781 3
668 924 3
623 872 3
51 989 3
624 901 3
106 999 3
710 775 3
574 805 3
563 738 3
390 732 3
263 881 3
703 957 3
619 990 3
24 537 3
564 849 3
412 592 3
865 981 3
251 857 3
790 802 3
73 203 3
52 339 3
838 934 3
120 604 3
313 561 3
523 914 3
389 838 3
365 554 3
415 860 3
193 296 3
291 452 3
674 912 3
387 884 3
708 732 3
287 926 3
127 913 3
744 937 3
262 529 3
250 969 3
649 948 3
533 725 3
447 478 3
775 846 3
399 902 3
396 505 3
501 515 3
413 832 3
401 906 3
75 379 3
493 731 3
141 641 3
646 705 3
3 441 3
225 404 3
714 820 3
197 289 3
264 320 3
899 958 3
188 575 3
27 923 3
692 722 3
299 947 3
163 188 3
940 959 3
66 676 3
248 371 3
124 285 3
236 307 3
460 830 3
275 421 3
780 816 3
50 913 3
725 970 3
108 816 3
571 791 3
168 780 3
312 930 3
749 992 3
576 984 3
384 570 3
173 299 3
77 960 3
361 590 3
161 987 3
711 762 3
454 597 3
338 999 3
379 823 3
69 328 3
241 756 3
241 831 3
439 981 3
406 862 3
183 721 3
361 384 3
402 589 3
11 813 3
76 950 3
171 631 3
108 812 3
768 858 3
274 350 3
309 411 3
427 979 3
301 412 3
255 315 3
380 565 3
175 522 3
289 886 3
459 690 3
239 970 3
534 711 3
193 789 3
37 703 3
874 942 3
405 881 3
685 717 3
33 830 3
392 525 3
273 394 3
506 995 3
365 636 3
499 759 3
740 849 3
701 929 3
5 110 3
550 595 3
370 928 3
146 764 3
694 890 3
123 674 3
877 975 3
337 880 3
100 443 3
119 833 3
417 564 3
1 587 3
206 526 3
447 945 3
57 367 3
307 799 3
530 668 3
310 900 3
19 746 3
329 943 3
96 818 3
385 947 3
417 785 3
429 481 3
16 775 3
628 695 3
502 604 3
64 836 3
546 729 3
579 998 3
57 980 3
100 189 3
66 982 3
7 998 3
44 347 3
622 711 3
641 776 3
62 419 3
211 845 3
210 980 3
44 623 3
152 619 3
630 858 3
228 257 3
874 975 3
157 965 3
369 520 3
448 704 3
691 897 3
63 113 3
52 437 3
8 581 3
282 619 3
382 808 3
592 771 3
688 735 3
43 95 3
124 492 3
286 489 3
126 642 3
393 815 3
152 783 3
401 907 3
36 518 3
148 166 3
229 647 3
95 491 3
23 361 3
412 674 3
101 717 3
41 847 3
5 633 3
394 567 3
75 171 3
112 527 3
429 437 3
761 989 3
454 459 3
287 797 3
49 769 3
380 546 3
123 297 3
16 711 3
28 588 3
553 768 3
566 619 3
294 989 3
54 237 3
88 575 3
351 788 3
506 654 3
413 572 3
69 565 3
829 839 3
16 413 3
396 783 3
628 985 3
525 712 3
78 322 3
49 982 3
426 709 3
614 745 3
333 699 3
292 681 3
251 843 3
144 641 3
139 803 3
763 868 3
128 941 3
41 309 3
372 483 3
441 744 3
478 543 3
131 481 3
282 549 3
264 283 3
15 625 3
66 930 3
98 933 3
26 879 3
458 641 3
163 763 3
273 564 3
237 609 3
229 573 3
305 552 3
339 773 3
37 969 3
403 445 3
419 856 3
348 562 3
364 747 3
375 497 3
127 541 3
327 908 3
187 931 3
337 590 3
45 695 3
356 955 3
334 411 3
73 753 3
50 747 3
523 890 3
261 628 3
99 215 3
268 837 3
687 713 3
57 322 3
320 753 3
258 280 3
261 915 3
240 868 3
25 459 3
482 483 3
77 922 3
421 743 3
276 505 3
182 619 3
84 619 3
160 653 3
434 624 3
245 373 3
169 953 3
282 402 3
410 416 3
180 283 3
448 852 3
96 135 3
496 862 3
776 808 3
464 968 3
188 820 3
573 952 3
214 364 3
900 934 3
261 559 3
145 783 3
506 582 3
415 631 3
229 731 3
221 680 3
224 865 3
35 326 3
791 811 3
717 790 3
350 401 3
595 775 3
79 132 3
45 309 3
760 876 3
168 740 3
12 285 3
450 777 3
119 178 3
286 561 3
329 736 3
124 935 3
555 973 3
644 867 3
28 297 3
556 885 3
152 571 3
191 338 3
493 948 3
574 719 3
376 760 3
41 328 3
191 910 3
72 982 3
500 544 3
754 934 3
181 852 3
144 780 3
83 507 3
242 851 3
570 903 3
23 728 3
34 56 3
58 123 3
201 640 3
278 412 3
330 527 3
71 694 3
192 836 3
387 717 3
7 532 3
485 567 3
43 333 3
330 775 3
637 894 3
23 451 3
549 992 3
124 524 3
515 653 3
169 521 3
225 375 3
216 872 3
397 753 3
810 967 3
323 452 3
239 380 3
273 592 3
136 683 3
187 442 3
492 587 3
80 116 3
368 442 3
209 547 3
412 735 3
464 559 3
42 279 3
390 836 3
386 920 3
478 665 3
86 535 3
408 845 3
498 711 3
967 990 3
630 940 3
755 956 3
446 729 3
93 491 3
932 966 3
138 141 3
49 477 3
553 792 3
883 967 3
101 697 3
41 611 3
28 844 3
185 627 3
262 271 3
352 505 3
453 567 3
170 185 3
126 694 3
423 467 3
286 421 3
42 973 3
105 841 3
165 683 3
722 865 3
69 663 3
252 536 3
241 966 3
397 786 3
221 534 3
22 780 3
370 574 3
48 231 3
201 291 3
69 839 3
731 784 3
157 962 3
449 474 3
86 785 3
4 466 3
426 599 3
569 671 3
288 295 3
538 882 3
884 918 3
28 527 3
385 890 3
17 757 3
180 366 3
556 906 3
29 257 3
27 51 3
662 813 3
164 973 3
137 199 3
654 720 3
371 859 3
272 929 3
25 239 3
6 770 3
873 880 3
167 742 3
375 947 3
364 799 3
112 444 3
237 781 3
599 735 3
292 867 3
534 879 3
77 642 3
266 907 3
312 639 3
287 842 3
355 721 3
37 467 3
272 997 3
116 337 3
16 879 3
468 996 3
323 903 3
621 702 3
924 977 3
229 649 3
171 556 3
63 236 3
51 706 3
51 713 3
513 661 3
405 917 3
825 908 3
95 904 3
392 402 3
101 122 3
203 604 3
22 619 3
212 652 3
427 428 3
228 906 3
310 537 3
77 255 3
33 481 3
197 784 3
161 420 3
299 700 3
29 757 3
586 901 3
107 488 3
354 838 3
172 467 3
97 468 3
572 944 3
468 989 3
357 780 3
503 738 3
251 266 3
717 838 3
9 946 3
68 358 3
70 564 3
66 675 3
123 184 3
259 831 3
212 746 3
77 558 3
340 764 3
133 427 3
32 870 3
535 575 3
572 896 3
579 889 3
504 982 3
333 930 3
5 361 3
3 506 3
355 703 3
561 657 3
22 158 3
366 441 3
48 652 3
36 422 3
32 827 3
504 546 3
730 792 3
326 642 3
674 855 3
453 501 3
153 198 3
223 699 3
844 932 3
661 907 3
164 759 3
325 998 3
98 335 3
71 437 3
414 622 3
774 921 3
0 121 3
389 658 3
912 975 3
678 682 3
128 151 3
314 545 3
265 790 3
625 912 3
77 213 3
342 630 3
341 360 3
315 959 3
411 463 3
67 794 3
46 86 3
484 579 3
542 725 3
12 321 3
124 294 3
229 565 3
214 478 3
479 764 3
147 483 3
89 946 3
115 793 3
176 496 3
493 836 3
323 477 3
555 913 3
93 675 4
776 910 4
355 712 4
497 857 4
284 651 4
92 614 4
573 717 4
399 702 4
550 874 4
608 616 4
455 946 4
614 902 4
2 898 4
7 731 4
277 519 4
187 941 4
731 996 4
91 331 4
20 999 4
190 626 4
46 596 4
70 792 4
54 742 4
127 156 4
406 408 4
858 881 4
816 897 4
154 580 4
508 608 4
39 658 4
319 918 4
4 468 4
373 944 4
737 872 4
317 804 4
639 683 4
77 401 4
194 418 4
945 970 4
117 989 4
242 430 4
305 418 4
133 441 4
339 745 4
921 954 4
771 827 4
638 702 4
543 680 4
77 618 4
192 568 4
291 624 4
72 475 4
29 875 4
431 561 4
324 666 4
0 939 4
379 655 4
521 963 4
749 814 4
253 773 4
506 988 4
168 285 4
231 912 4
740 868 4
415 447 4
148 359 4
845 927 4
656 693 4
193 303 4
115 177 4
866 943 4
203 960 4
420 914 4
45 418 4
118 532 4
196 476 4
212 893 4
212 953 4
285 910 4
41 853 4
381 888 4
674 763 4
241 396 4
111 432 4
918 952 4
242 694 4
21 400 4
924 985 4
209 837 4
226 667 4
83 273 4
288 625 4
560 949 4
695 877 4
313 793 4
138 785 4
416 926 4
218 244 4
446 754 4
265 514 4
985 996 4
56 350 4
217 801 4
564 839 4
153 780 4
312 759 4
624 670 4
427 660 4
277 936 4
429 529 4
541 630 4
27 786 4
140 558 4
309 545 4
505 644 4
644 901 4
101 931 4
300 912 4
234 573 4
47 596 4
302 606 4
618 865 4
273 946 4
789 911 4
255 983 4
145 697 4
140 449 4
204 948 4
169 428 4
718 851 4
358 411 4
93 977 4
744 903 4
69 877 4
95 586 4
147 581 4
392 432 4
399 414 4
672 974 4
77 315 4
172 328 4
265 896 4
104 636 4
370 583 4
54 772 4
493 558 4
96 820 4
240 588 4
354 426 4
400 497 4
50 439 4
755 879 4
427 683 4
336 468 4
9 763 4
14 884 4
82 559 4
397 809 4
406 762 4
88 418 4
242 916 4
123 676 4
178 278 4
71 649 4
236 552 4
33 979 4
155 592 4
893 947 4
396 980 4
501 767 4
972 978 4
708 968 4
1 787 4
441 627 4
232 383 4
245 386 4
637 778 4
565 607 4
516 777 4
524 571 4
30 781 4
397 772 4
258 997 4
59 278 4
11 93 4
901 922 4
769 820 4
281 990 4
94 292 4
257 339 4
799 952 4
757 821 4
532 878 4
56 978 4
436 571 4
346 686 4
533 742 4
21 807 4
189 466 4
138 880 4
528 531 4
187 481 4
204 500 4
406 755 4
15 819 4
336 738 4
325 739 4
956 960 4
482 634 4
183 995 4
651 989 4
755 817 4
131 372 4
222 648 4
308 598 4
45 357 4
0 354 4
559 990 4
715 885 4
777 801 4
178 268 4
242 599 4
648 675 4
552 556 4
715 740 4
107 947 4
122 556 4
350 713 4
518 612 4
392 444 4
6 719 4
304 617 4
692 992 4
4 213 4
591 808 4
258 760 4
671 795 4
432 688 4
741 815 4
118 396 4
418 528 4
486 528 4
329 815 4
266 730 4
593 794 4
507 732 4
101 836 4
167 934 4
597 832 4
597 695 4
93 876 4
755 876 4
473 602 4
277 608 4
312 657 4
513 965 4
191 888 4
378 427 4
161 399 4
6 401 4
707 849 4
363 804 4
436 502 4
600 874 4
114 866 4
41 537 4
83 176 4
17 60 4
602 622 4
298 612 4
30 611 4
351 930 4
93 474 4
524 574 4
138 715 4
205 382 4
177 914 4
43 203 4
529 642 4
206 510 4
449 488 4
172 645 4
619 842 4
16 167 4
463 578 4
679 904 4
79 510 4
79 604 4
355 586 4
205 963 4
245 543 4
140 170 4
629 701 4
803 804 4
230 398 4
670 730 4
387 675 4
948 971 4
370 621 4
313 568 4
157 207 4
233 581 4
584 596 4
852 940 4
574 921 4
921 932 4
771 780 4
81 727 4
11 616 4
104 466 4
72 387 4
852 976 4
84 410 4
247 517 4
290 766 4
130 672 4
447 710 4
745 807 4
343 991 4
62 82 4
58 434 4
147 528 4
164 827 4
36 129 4
424 740 4
134 366 4
605 627 4
102 642 4
18 237 4
331 511 4
465 993 4
274 396 4
550 576 4
75 944 4
323 865 4
26 406 4
148 698 4
342 401 4
1 424 4
157 614 4
68 928 4
715 857 4
496 971 4
38 80 4
218 423 4
201 964 4
206 298 4
549 833 4
285 838 4
288 688 4
40 992 4
361 492 4
302 364 4
698 953 4
126 706 4
20 178 4
484 660 4
238 804 4
425 899 4
69 933 4
904 925 4
1 173 4
5 962 4
131 658 4
829 976 4
26 27 4
540 909 4
197 824 4
450 683 4
429 765 4
434 528 4
438 601 4
117 874 4
504 557 4
6 117 4
21 148 4
223 763 4
895 904 4
297 822 4
749 900 4
136 490 4
714 815 4
17 681 4
262 412 4
455 754 4
497 699 4
397 615 4
28 479 4
400 855 4
11 758 4
704 818 4
57 637 4
180 555 4
308 664 4
117 756 4
523 759 4
101 830 4
574 595 4
10 680 4
0 882 4
342 805 4
529 933 4
393 643 4
842 968 4
233 676 4
565 675 4
149 436 4
842 941 4
226 673 4
87 320 4
89 313 4
584 653 4
1 490 4
707 789 4
479 759 4
244 842 4
720 980 4
212 986 4
197 205 4
422 515 4
55 310 4
370 726 4
257 420 4
434 670 4
4 671 4
244 363 4
51 423 4
157 647 4
372 471 4
591 665 4
640 879 4
96 701 4
5 30 4
115 712 4
188 256 4
46 391 4
380 477 4
745 981 4
440 743 4
176 602 4
501 841 4
593 662 4
173 193 4
791 822 4
55 587 4
49 883 4
32 367 4
7 933 4
560 844 4
527 737 4
95 589 4
347 841 4
0 860 4
124 754 4
176 920 4
286 739 4
454 536 4
731 896 4
346 986 4
350 528 4
277 435 4
110 469 4
239 951 4
206 221 4
384 890 4
376 410 4
551 668 4
864 982 4
641 988 4
525 998 4
778 874 4
529 801 4
175 636 4
561 858 4
608 847 4
26 686 4
113 438 4
822 980 4
24 61 4
740 827 4
369 943 4
403 702 4
81 765 4
187 673 4
13 945 4
297 823 4
17 761 4
543 766 4
126 550 4
498 583 4
630 905 4
317 888 4
212 641 4
6 334 4
42 97 4
31 503 4
64 502 4
105 612 4
357 562 4
310 841 4
51 519 4
667 984 4
617 942 4
102 710 4
22 93 4
3 337 4
559 759 4
577 866 4
532 865 4
163 743 4
958 959 4
152 414 4
0 481 4
428 651 4
244 804 4
228 430 4
604 725 4
639 780 4
2 244 4
19 991 4
433 472 4
123 898 4
260 312 4
574 627 4
841 951 4
706 853 4
304 744 4
342 662 4
128 931 4
627 921 4
241 529 4
307 732 4
415 977 4
553 993 4
243 464 4
868 913 4
270 626 4
6 329 4
141 683 4
525 658 4
268 972 4
528 873 4
519 916 4
792 991 4
2 982 4
303 861 4
97 830 4
455 515 4
49 945 4
6 42 4
67 185 4
265 851 4
43 506 4
400 763 4
376 737 4
563 834 4
361 910 4
181 386 4
636 946 4
376 674 4
162 879 4
308 918 4
156 161 4
125 780 4
296 519 4
256 394 4
232 964 4
264 311 4
921 978 4
684 746 4
351 977 4
62 72 4
217 821 4
230 898 4
371 483 4
208 618 4
191 917 4
668 821 4
397 503 4
52 94 4
349 353 4
48 126 4
140 832 4
260 998 4
218 741 4
43 851 4
218 653 4
652 871 4
415 468 4
206 325 4
883 934 4
310 364 4
470 581 4
32 178 4
742 892 4
528 557 4
86 680 4
103 483 4
443 866 4
179 637 4
508 898 4
660 888 4
459 708 4
235 248 4
790 930 4
189 849 4
101 916 4
502 668 4
208 687 4
496 999 4
239 463 4
500 506 4
242 269 4
135 200 4
36 415 4
486 587 4
481 783 4
601 857 4
13 768 4
948 951 4
569 933 4
30 503 4
480 707 4
90 385 4
383 553 4
397 995 4
99 324 4
306 381 4
204 804 4
92 557 4
75 799 4
211 553 4
82 291 4
180 748 4
77 310 4
445 677 4
305 728 4
232 352 4
112 168 4
227 414 4
564 674 4
728 933 4
625 982 4
622 726 4
67 679 4
123 392 4
649 782 4
428 532 4
252 423 4
178 539 4
313 482 4
122 154 4
67 196 4
91 699 4
880 918 4
37 330 4
8 529 4
127 786 4
356 366 4
465 772 4
327 957 4
675 716 4
426 607 4
378 890 4
197 619 4
5 543 4
650 927 4
660 815 4
279 695 4
145 982 4
299 833 4
26 164 4
564 854 4
114 757 4
91 289 4
349 467 4
573 735 4
784 809 4
645 882 4
480 538 4
550 675 4
45 410 4
539 784 4
33 463 4
115 960 4
72 865 4
248 533 4
98 845 4
331 873 4
115 132 4
485 943 4
129 350 4
369 937 4
97 273 4
79 515 4
710 897 4
509 876 4
232 934 4
151 860 4
7 86 4
509 588 4
115 741 4
125 367 4
150 332 4
343 938 4
354 359 4
409 670 4
407 699 4
220 680 4
300 614 4
470 562 4
595 983 4
644 886 4
748 776 4
584 843 4
30 117 4
100 826 4
16 245 4
581 691 4
193 359 4
104 542 4
163 508 4
152 389 4
184 512 4
514 790 4
485 719 4
486 850 4
362 825 4
108 589 4
528 719 4
49 448 4
89 354 4
36 137 4
131 698 4
13 585 4
308 534 4
271 951 4
941 993 4
145 917 4
88 159 4
565 744 4
201 919 4
688 905 4
250 259 4
244 737 4
219 951 4
545 757 4
535 764 4
127 642 4
313 537 4
70 202 4
616 719 4
63 292 4
49 716 4
937 980 4
231 901 4
745 899 4
553 659 4
8 638 4
576 654 4
806 812 4
375 522 4
158 840 4
747 973 4
126 660 4
174 223 4
407 857 4
488 577 4
670 758 4
34 325 4
589 903 4
261 911 4
213 864 4
109 624 4
79 128 4
99 497 4
693 915 4
717 977 4
491 677 4
58 288 4
581 660 4
757 908 4
39 906 4
165 312 4
128 519 4
705 864 4
467 755 4
37 699 4
127 330 4
177 966 4
161 817 4
483 799 4
671 796 4
122 266 4
435 472 4
423 723 4
114 986 4
642 712 4
432 491 4
188 412 4
156 831 4
40 794 4
14 89 4
559 821 4
51 703 4
274 905 4
270 747 4
238 476 4
117 850 4
433 514 4
286 292 4
9 415 4
365 673 4
451 618 4
977 979 4
656 919 4
482 943 4
323 562 4
113 724 4
666 688 4
352 975 4
93 195 4
451 881 4
77 308 4
514 623 4
723 775 4
594 932 4
43 248 4
437 840 4
181 398 4
56 867 4
490 930 4
54 398 4
676 883 4
384 851 4
434 955 4
115 532 4
159 234 4
396 957 4
195 378 4
151 251 4
542 996 4
295 745 4
146 212 4
563 718 4
254 596 4
256 314 4
133 573 4
672 977 4
635 727 4
722 947 4
665 709 4
346 577 4
51 833 4
348 767 4
772 872 4
94 282 4
637 643 4
259 679 4
276 477 4
3 416 4
630 973 4
144 331 4
72 558 4
368 428 4
421 479 4
226 261 4
526 622 4
142 850 4
5 852 4
347 510 4
53 923 4
715 840 4
322 924 4
663 724 4
183 311 4
221 320 4
357 845 4
351 430 4
426 833 4
24 504 4
636 880 4
76 745 4
603 700 4
492 839 4
37 442 4
67 720 4
221 705 4
442 494 4
157 223 4
291 560 4
27 395 4
208 867 4
317 612 4
321 369 4
75 134 4
45 301 4
663 693 4
97 912 4
592 811 4
216 463 4
551 886 4
392 864 4
620 700 4
11 651 4
45 939 4
323 964 4
756 810 4
726 804 4
737 746 4
241 379 4
623 773 4
727 785 4
663 893 4
89 582 4
33 300 4
589 854 4
64 520 4
88 140 4
510 705 4
73 213 4
372 458 4
180 307 4
190 332 4
335 807 4
502 826 4
742 883 4
50 123 4
243 532 4
205 545 4
270 795 4
239 670 4
74 263 4
170 273 4
248 670 4
528 534 4
160 966 4
106 993 4
246 646 4
301 849 4
118 818 4
944 945 4
131 338 4
261 639 4
325 877 4
281 517 4
458 522 4
354 771 4
448 456 4
371 733 4
384 688 4
177 819 4
523 706 4
504 710 4
435 884 4
246 489 4
297 866 4
168 188 4
340 410 4
192 584 4
299 948 4
43 929 4
120 426 4
65 628 4
400 754 4
735 878 4
367 940 4
799 827 4
825 911 4
26 491 4
415 805 4
433 717 4
503 930 4
282 763 4
640 828 4
310 845 4
256 457 4
58 461 4
248 449 4
251 972 4
191 747 4
2 580 4
369 392 4
389 395 4
837 963 4
256 627 4
148 489 4
296 325 4
226 884 4
61 945 4
263 620 4
587 780 4
460 777 4
4 810 4
8 397 4
145 375 4
646 739 4
427 715 4
316 846 4
245 832 4
278 640 5
298 481 5
64 80 5
830 950 5
306 685 5
890 910 5
130 220 5
156 773 5
418 430 5
455 776 5
160 497 5
159 214 5
324 764 5
128 223 5
587 660 5
766 822 5
518 952 5
962 970 5
397 665 5
301 706 5
477 904 5
115 697 5
298 459 5
104 800 5
104 615 5
477 667 5
29 459 5
545 568 5
61 570 5
118 366 5
447 603 5
185 326 5
316 860 5
569 765 5
333 607 5
151 671 5
174 678 5
67 584 5
763 843 5
237 518 5
304 778 5
21 959 5
19 248 5
885 926 5
122 986 5
710 887 5
505 863 5
130 388 5
7 562 5
143 916 5
159 307 5
646 985 5
556 740 5
32 233 5
254 828 5
204 783 5
411 811 5
514 616 5
739 815 5
224 547 5
234 669 5
259 517 5
290 955 5
263 581 5
83 679 5
367 899 5
472 688 5
555 917 5
649 793 5
50 399 5
39 940 5
114 540 5
647 917 5
622 651 5
549 823 5
992 998 5
656 799 5
185 840 5
2 207 5
108 797 5
286 864 5
216 352 5
157 894 5
2 939 5
19 169 5
726 944 5
375 774 5
392 814 5
411 585 5
436 521 5
567 986 5
572 921 5
473 922 5
565 886 5
78 254 5
219 744 5
301 861 5
327 737 5
637 966 5
107 941 5
586 710 5
573 683 5
457 856 5
146 257 5
527 948 5
10 586 5
133 466 5
9 599 5
255 455 5
891 991 5
128 866 5
99 862 5
239 770 5
770 881 5
324 371 5
707 848 5
534 755 5
252 489 5
510 533 5
50 79 5
872 941 5
386 542 5
88 345 5
287 866 5
53 462 5
53 595 5
476 506 5
664 752 5
246 839 5
206 499 5
564 965 5
658 982 5
340 946 5
311 979 5
314 744 5
168 753 5
32 639 5
66 494 5
45 884 5
623 906 5
392 434 5
168 253 5
377 532 5
427 584 5
519 959 5
6 204 5
146 289 5
248 536 5
919 947 5
255 273 5
414 492 5
7 783 5
379 576 5
588 739 5
247 787 5
669 864 5
167 541 5
85 492 5
342 867 5
356 364 5
433 811 5
436 801 5
418 595 5
192 870 5
563 933 5
254 721 5
176 815 5
496 892 5
92 212 5
190 313 5
181 440 5
46 617 5
180 622 5
444 713 5
429 825 5
116 616 5
105 833 5
520 528 5
339 624 5
6 492 5
351 798 5
126 254 5
467 500 5
64 273 5
639 897 5
657 709 5
179 769 5
1 621 5
786 932 5
608 747 5
551 653 5
24 581 5
779 866 5
598 708 5
127 212 5
44 356 5
298 566 5
287 567 5
191 900 5
342 883 5
142 372 5
354 477 5
140 738 5
89 476 5
308 483 5
253 636 5
415 448 5
800 907 5
10 834 5
89 139 5
95 110 5
497 710 5
44 308 5
56 935 5
472 611 5
197 409 5
24 185 5
381 894 5
69 971 5
8 846 5
189 837 5
632 811 5
109 910 5
446 697 5
127 623 5
491 871 5
249 971 5
490 587 5
89 937 5
533 870 5
762 927 5
61 959 5
701 840 5
21 231 5
42 845 5
435 449 5
213 792 5
48 113 5
370 734 5
87 783 5
227 856 5
425 641 5
48 185 5
147 497 5
441 886 5
722 747 5
361 762 5
526 707 5
359 719 5
165 455 5
302 621 5
345 917 5
135 279 5
342 961 5
109 956 5
72 445 5
290 510 5
795 988 5
119 397 5
13 98 5
280 865 5
520 983 5
36 970 5
263 285 5
224 386 5
151 563 5
268 942 5
274 537 5
591 981 5
162 275 5
408 857 5
128 532 5
301 942 5
829 913 5
0 582 5
132 818 5
172 772 5
535 792 5
626 751 5
244 317 5
128 764 5
74 113 5
539 707 5
387 872 5
15 450 5
133 856 5
323 502 5
376 439 5
43 63 5
72 844 5
319 478 5
52 277 5
144 881 5
160 430 5
108 829 5
72 164 5
101 193 5
459 670 5
43 417 5
877 994 5
885 936 5
253 518 5
77 865 5
347 365 5
264 299 5
212 751 5
473 498 5
94 493 5
239 586 5
232 836 5
759 930 5
359 962 5
179 626 5
371 461 5
785 916 5
158 196 5
658 891 5
403 537 5
60 928 5
232 978 5
38 768 5
229 719 5
119 476 5
423 903 5
338 789 5
546 776 5
626 785 5
0 378 5
303 447 5
741 927 5
457 535 5
306 494 5
350 681 5
95 437 5
136 598 5
570 941 5
20 514 5
740 772 5
286 987 5
329 391 5
307 614 5
535 929 5
135 389 5
134 784 5
765 830 5
858 955 5
687 814 5
355 394 5
222 415 5
95 862 5
248 951 5
10 844 5
612 942 5
263 860 5
480 795 5
683 698 5
306 662 5
309 862 5
246 564 5
17 904 5
387 760 5
222 554 5
664 813 5
145 159 5
277 370 5
8 928 5
3 909 5
951 980 5
114 451 5
400 706 5
691 830 5
469 760 5
617 783 5
192 936 5
885 907 5
494 631 5
61 524 5
209 418 5
96 355 5
116 245 5
473 607 5
176 452 5
408 588 5
161 886 5
724 802 5
12 367 5
243 299 5
87 414 5
45 770 5
822 988 5
23 264 5
660 742 5
489 735 5
128 976 5
330 795 5
157 936 5
139 192 5
671 937 5
335 450 5
515 640 5
320 402 5
503 581 5
607 706 5
183 304 5
38 888 5
351 771 5
787 953 5
586 962 5
165 599 5
381 623 5
331 385 5
810 866 5
547 733 5
360 475 5
796 929 5
244 571 5
435 776 5
573 836 5
454 530 5
50 882 5
481 809 5
539 557 5
86 636 5
815 882 5
504 813 5
605 638 5
541 906 5
17 235 5
208 570 5
54 478 5
339 409 5
218 835 5
176 400 5
22 830 5
172 941 5
293 989 5
322 378 5
329 721 5
373 565 5
511 536 5
194 644 5
417 843 5
86 308 5
46 701 5
110 302 5
237 948 5
82 496 5
303 872 5
265 373 5
705 714 5
727 963 5
319 502 5
2 669 5
101 790 5
9 734 5
423 825 5
41 594 5
219 479 5
273 874 5
295 551 5
114 793 5
30 517 5
51 144 5
389 557 5
137 667 5
565 651 5
46 727 5
114 716 5
159 945 5
508 964 5
108 805 5
59 201 5
663 832 5
261 314 5
340 810 5
44 477 5
152 733 5
227 835 5
570 998 5
370 716 5
1 455 5
853 947 5
643 731 5
136 802 5
570 585 5
312 373 5
259 335 5
548 891 5
52 253 5
415 550 5
12 467 5
260 491 5
322 407 5
143 612 5
61 575 5
26 572 5
454 898 5
168 475 5
150 314 5
494 595 5
245 457 5
206 913 5
311 872 5
137 470 5
576 744 5
597 630 5
277 641 5
848 924 5
733 934 5
805 814 5
83 490 5
670 869 5
15 682 5
120 409 5
118 635 5
259 801 5
52 369 5
77 959 5
467 624 5
588 922 5
682 694 5
503 742 5
522 905 5
145 196 5
136 605 5
402 894 5
34 966 5
861 863 5
14 130 5
486 892 5
13 485 5
83 514 5
474 699 5
539 832 5
928 963 5
407 932 5
198 741 5
169 324 5
428 779 5
434 917 5
106 760 5
447 820 5
509 701 5
129 296 5
164 219 5
841 963 5
117 423 5
260 561 5
688 928 5
505 678 5
14 357 5
74 804 5
525 841 5
210 252 5
344 479 5
335 570 5
73 261 5
551 672 5
215 567 5
573 780 5
408 983 5
245 561 5
532 627 5
707 819 5
449 590 5
388 613 5
580 638 5
284 404 5
91 768 5
318 761 5
243 965 5
82 339 5
40 350 5
106 666 5
21 307 5
488 941 5
370 938 5
204 475 5
24 521 5
289 999 5
85 567 5
443 899 5
593 869 5
360 756 5
186 558 5
378 597 5
352 604 5
833 894 5
108 330 5
217 582 5
170 413 5
325 689 5
176 221 5
323 769 5
378 653 5
791 958 5
19 694 5
108 329 5
675 923 5
24 156 5
226 594 5
127 962 5
372 749 5
555 586 5
296 719 5
664 876 5
838 914 5
610 932 5
77 804 5
370 868 5
428 571 5
9 352 5
190 587 5
347 440 5
183 975 5
79 257 5
686 723 5
83 307 5
266 675 5
356 951 5
652 965 5
99 413 5
29 193 5
536 664 5
50 928 5
111 599 5
61 931 5
769 845 5
854 965 5
226 656 5
67 461 5
690 846 5
212 438 5
107 275 5
487 984 5
298 816 5
450 565 5
840 841 5
124 974 5
369 692 5
255 516 5
461 995 5
80 817 5
388 619 5
143 447 5
178 683 5
204 508 5
93 633 5
582 966 5
677 841 5
692 723 5
695 801 5
448 459 5
63 859 5
615 730 5
629 635 5
368 836 5
613 763 5
154 421 5
410 927 5
60 733 5
56 400 5
508 996 5
172 311 5
20 30 5
210 257 5
423 749 5
258 428 5
17 194 5
328 422 5
19 209 5
641 671 5
137 429 5
409 817 5
238 536 5
250 453 5
7 663 5
801 839 5
37 598 5
453 909 5
37 655 5
349 857 5
611 951 5
353 799 5
121 411 5
109 999 5
55 737 5
619 854 5
880 950 5
465 566 5
88 514 5
82 765 5
778 986 5
796 887 5
273 891 5
267 347 5
288 294 5
523 881 5
50 548 5
516 888 5
760 813 5
105 885 5
193 668 5
145 529 5
475 747 5
200 250 5
17 530 5
134 681 5
724 791 5
66 250 5
395 841 5
366 888 5
263 402 5
218 976 5
206 754 5
240 877 5
854 977 5
161 904 5
215 997 5
381 670 5
91 752 5
523 566 5
482 544 5
104 646 5
658 659 5
564 678 5
73 803 5
136 616 5
133 488 5
393 998 5
43 354 5
524 628 5
192 961 5
260 965 5
731 735 5
85 470 5
425 509 5
108 248 5
22 888 5
619 781 5
349 811 5
592 941 5
784 845 5
74 732 5
353 804 5
33 187 5
706 916 5
65 959 5
14 72 5
1 394 5
732 771 5
360 508 5
15 173 5
312 693 5
298 765 5
831 863 5
146 746 5
292 774 5
211 922 5
131 235 5
148 269 5
359 498 5
207 805 5
592 621 5
483 520 5
436 934 5
432 564 5
655 808 5
1 566 5
67 668 5
481 724 5
469 471 5
828 945 5
287 368 5
617 856 5
133 867 5
899 967 5
50 137 5
278 530 5
522 525 5
609 981 5
142 805 5
427 656 5
126 404 5
472 868 5
464 664 5
254 608 5
72 391 5
152 226 5
525 815 5
163 204 5
536 986 5
30 450 5
565 770 5
276 543 5
542 759 5
434 778 5
514 665 5
868 887 5
352 664 5
127 563 5
255 909 5
60 521 5
309 492 5
769 893 5
501 503 5
401 794 5
458 541 5
245 769 5
363 723 5
171 376 5
37 940 5
507 942 5
130 699 5
208 323 5
215 839 5
58 746 5
324 720 5
39 265 5
330 605 5
626 686 5
593 605 5
254 824 5
297 318 5
352 501 5
168 659 5
518 537 5
595 774 5
261 709 5
97 490 5
393 588 5
52 604 5
436 965 5
520 994 5
214 846 5
425 982 5
212 558 5
899 947 5
393 708 5
539 578 5
531 661 5
379 863 5
42 755 5
48 623 5
286 557 5
508 600 5
25 790 5
369 464 5
28 150 5
321 648 5
630 699 5
669 800 5
755 792 5
395 935 5
551 590 5
268 864 5
104 951 5
422 579 5
293 846 5
310 479 5
441 555 5
407 986 5
3 468 5
211 518 5
7 856 5
505 662 5
271 409 5
605 912 5
383 797 5
330 555 5
634 915 5
227 399 5
54 476 5
76 131 5
44 288 5
410 750 5
338 859 5
219 573 5
258 418 5
243 334 5
97 187 5
52 715 5
409 713 5
60 325 5
885 992 5
329 381 5
124 330 5
328 997 5
242 324 5
77 108 5
729 882 5
394 612 5
440 627 5
144 350 5
280 766 5
399 713 5
526 661 5
731 959 5
121 143 5
141 387 5
680 897 5
286 464 5
8 900 5
196 587 5
281 711 5
862 916 5
301 446 5
46 803 5
231 513 5
236 316 5
207 392 5
199 808 5
131 260 5
228 721 5
0 995 5
558 567 5
247 783 5
561 962 5
7 200 5
98 932 5
277 455 5
667 894 5
368 713 5
622 928 5
229 340 5
33 214 5
239 255 5
351 393 5
587 702 5
635 860 5
350 369 5
401 982 5
468 814 5
50 446 5
419 711 5
298 335 5
93 268 5
87 726 5
231 600 5
524 838 5
31 741 5
578 619 5
300 310 5
96 925 5
134 540 5
87 704 5
391 682 5
285 486 5
443 903 5
51 909 5
758 813 5
175 804 5
271 994 5
256 940 5
361 629 5
31 465 5
236 523 5
429 590 5
159 170 5
75 993 5
424 596 5
434 783 5
270 570 5
153 937 5
580 828 5
56 969 5
339 345 5
751 863 5
639 847 5
161 921 5
298 662 5
657 896 5
424 888 5
428 592 5
774 976 5
855 925 5
355 779 5
124 540 5
972 973 5
653 911 5
190 391 5
589 780 5
275 434 5
191 269 5
29 828 5
664 834 5
23 499 5
543 580 5
473 895 5
582 902 5
124 717 5
175 928 5
95 792 5
490 567 5
281 883 5
688 940 5
289 295 5
270 461 5
79 627 5
373 470 5
830 852 6
481 507 6
116 232 6
218 816 6
373 691 6
139 509 6
108 286 6
93 834 6
695 763 6
452 697 6
378 772 6
942 990 6
261 862 6
461 990 6
87 235 6
289 475 6
470 736 6
202 722 6
814 965 6
255 602 6
234 711 6
113 880 6
256 863 6
372 526 6
467 528 6
110 233 6
29 950 6
50 987 6
67 874 6
114 124 6
168 375 6
652 845 6
493 819 6
170 528 6
478 610 6
471 514 6
210 835 6
282 481 6
93 136 6
440 846 6
865 900 6
115 567 6
202 390 6
0 198 6
588 819 6
390 641 6
633 906 6
605 830 6
599 725 6
434 560 6
474 974 6
205 643 6
245 942 6
200 548 6
348 683 6
163 913 6
536 721 6
786 819 6
334 699 6
393 970 6
349 697 6
213 623 6
224 310 6
122 920 6
921 975 6
102 935 6
472 484 6
111 893 6
96 822 6
148 480 6
483 695 6
38 602 6
308 359 6
442 573 6
289 922 6
6 682 6
125 340 6
844 896 6
685 736 6
203 860 6
85 988 6
137 588 6
527 915 6
188 972 6
281 321 6
658 709 6
639 695 6
231 338 6
65 439 6
448 734 6
653 679 6
446 548 6
184 300 6
84 549 6
407 659 6
184 859 6
214 960 6
524 618 6
215 519 6
411 819 6
43 182 6
154 327 6
623 993 6
122 484 6
736 939 6
250 812 6
76 384 6
620 869 6
152 492 6
348 417 6
39 849 6
251 553 6
273 356 6
94 115 6
377 417 6
228 847 6
334 409 6
279 820 6
357 761 6
445 936 6
756 794 6
59 98 6
651 787 6
77 939 6
496 818 6
118 477 6
180 963 6
167 234 6
43 218 6
530 820 6
309 694 6
166 433 6
198 578 6
314 711 6
217 244 6
621 837 6
137 465 6
321 787 6
185 942 6
539 755 6
675 855 6
711 734 6
364 913 6
616 880 6
566 640 6
433 776 6
193 546 6
546 559 6
185 722 6
163 856 6
263 951 6
150 295 6
67 509 6
211 304 6
659 884 6
391 415 6
228 547 6
124 912 6
722 774 6
279 611 6
351 680 6
321 408 6
72 126 6
718 722 6
13 105 6
177 742 6
211 262 6
841 934 6
342 633 6
191 330 6
124 251 6
187 894 6
42 874 6
245 765 6
176 615 6
297 577 6
168 862 6
130 997 6
309 509 6
70 900 6
96 217 6
103 646 6
227 884 6
86 833 6
268 432 6
464 908 6
759 916 6
878 963 6
43 899 6
92 434 6
530 760 6
924 993 6
117 167 6
141 715 6
13 353 6
626 635 6
95 743 6
519 745 6
331 680 6
60 162 6
149 913 6
442 722 6
132 239 6
521 980 6
159 593 6
526 905 6
345 660 6
4 470 6
80 391 6
442 462 6
313 994 6
4 823 6
510 663 6
256 763 6
346 466 6
473 859 6
259 284 6
590 711 6
118 723 6
86 368 6
121 652 6
235 797 6
552 837 6
786 956 6
13 704 6
201 367 6
73 457 6
397 531 6
366 772 6
486 961 6
328 674 6
283 571 6
253 380 6
292 339 6
447 801 6
39 790 6
597 602 6
598 763 6
244 812 6
406 954 6
650 868 6
300 882 6
45 986 6
457 641 6
714 863 6
64 793 6
305 913 6
35 834 6
470 705 6
104 770 6
147 721 6
428 981 6
421 802 6
325 436 6
74 869 6
60 374 6
382 690 6
265 326 6
4 393 6
42 225 6
204 956 6
36 165 6
187 563 6
24 932 6
689 885 6
56 163 6
833 951 6
77 322 6
302 691 6
365 441 6
334 676 6
225 357 6
561 872 6
491 756 6
40 374 6
558 639 6
215 276 6
56 672 6
577 940 6
477 538 6
696 843 6
301 323 6
62 451 6
637 707 6
604 971 6
21 980 6
711 784 6
762 895 6
514 842 6
293 993 6
344 932 6
494 920 6
351 399 6
159 361 6
220 350 6
400 412 6
216 642 6
122 927 6
535 794 6
6 549 6
155 625 6
166 504 6
69 902 6
362 766 6
366 974 6
330 434 6
134 544 6
685 825 6
19 236 6
442 891 6
609 621 6
279 392 6
721 974 6
455 495 6
604 840 6
493 619 6
169 495 6
139 783 6
155 774 6
179 925 6
504 987 6
327 918 6
337 397 6
41 509 6
178 971 6
209 835 6
41 978 6
585 665 6
219 511 6
186 543 6
736 779 6
102 491 6
840 963 6
295 330 6
52 172 6
325 794 6
156 362 6
608 921 6
307 660 6
152 904 6
724 846 6
310 363 6
313 607 6
302 707 6
535 949 6
409 650 6
243 298 6
88 641 6
197 276 6
207 432 6
482 745 6
777 797 6
53 660 6
241 262 6
241 986 6
263 471 6
467 630 6
285 831 6
595 687 6
282 621 6
344 893 6
780 884 6
476 868 6
215 349 6
402 473 6
211 793 6
728 946 6
164 860 6
315 530 6
696 888 6
36 819 6
184 726 6
698 737 6
9 881 6
52 700 6
341 509 6
418 472 6
108 752 6
396 686 6
57 885 6
598 730 6
148 957 6
68 312 6
434 586 6
60 953 6
337 489 6
54 854 6
453 813 6
370 592 6
485 599 6
504 913 6
838 895 6
341 347 6
691 781 6
105 873 6
407 958 6
359 752 6
608 985 6
781 889 6
390 881 6
223 681 6
140 144 6
520 703 6
426 965 6
461 778 6
913 939 6
290 572 6
61 286 6
249 610 6
390 840 6
14 183 6
161 349 6
409 892 6
312 637 6
34 682 6
402 658 6
116 681 6
457 778 6
421 757 6
170 850 6
324 726 6
302 550 6
640 907 6
220 428 6
104 954 6
488 678 6
323 973 6
224 898 6
415 875 6
274 464 6
618 931 6
578 762 6
96 830 6
153 392 6
23 277 6
33 162 6
327 451 6
343 556 6
312 602 6
577 845 6
90 379 6
23 347 6
146 378 6
234 768 6
293 730 6
163 933 6
231 705 6
387 866 6
567 770 6
68 258 6
270 689 6
179 313 6
725 833 6
13 558 6
120 827 6
70 680 6
386 684 6
690 909 6
262 819 6
79 548 6
540 566 6
95 617 6
397 454 6
715 823 6
214 544 6
157 588 6
438 695 6
309 696 6
790 958 6
567 720 6
32 716 6
237 770 6
19 392 6
547 620 6
133 401 6
125 798 6
91 386 6
49 953 6
98 577 6
580 909 6
161 569 6
273 374 6
323 506 6
663 801 6
89 621 6
57 797 6
95 483 6
58 386 6
580 711 6
11 146 6
91 881 6
473 905 6
226 726 6
307 457 6
565 737 6
106 243 6
613 955 6
60 957 6
102 624 6
204 536 6
25 926 6
418 834 6
638 682 6
23 626 6
97 747 6
611 909 6
260 283 6
166 728 6
279 824 6
698 826 6
482 786 6
292 520 6
71 325 6
564 868 6
104 506 6
187 378 6
33 295 6
496 509 6
355 482 6
220 718 6
392 926 6
322 592 6
88 165 6
336 666 6
109 340 6
194 379 6
570 690 6
373 977 6
97 584 6
48 472 6
429 733 6
566 920 6
707 794 6
246 412 6
272 996 6
421 726 6
117 260 6
467 487 6
610 780 6
438 461 6
227 280 6
952 979 6
450 490 6
492 932 6
464 518 6
714 792 6
649 775 6
36 620 6
581 877 6
331 623 6
507 762 6
57 640 6
341 380 6
820 941 6
1 86 6
313 460 6
553 682 6
350 815 6
146 926 6
161 223 6
66 825 6
315 911 6
100 489 6
364 927 6
569 865 6
111 539 6
287 801 6
80 907 6
16 568 6
215 380 6
69 606 6
570 651 6
317 657 6
217 835 6
13 401 6
444 868 6
233 672 6
699 735 6
331 496 6
598 820 6
382 458 6
481 640 6
366 407 6
283 395 6
227 912 6
151 512 6
28 875 6
628 975 6
247 529 6
746 996 6
447 981 6
146 259 6
175 622 6
612 653 6
418 992 6
243 700 6
49 297 6
50 346 6
263 933 6
537 766 6
49 136 6
351 840 6
635 843 6
603 623 6
714 851 6
265 401 6
130 280 6
234 759 6
119 836 6
438 817 6
555 769 6
442 974 6
379 806 6
411 748 6
140 715 6
536 729 6
28 639 6
16 186 6
36 773 6
476 727 6
347 453 6
497 761 6
222 358 6
134 457 6
255 326 6
593 676 6
77 137 6
524 877 6
306 487 6
489 845 6
498 962 6
435 586 6
257 813 6
173 953 6
26 277 6
137 309 6
661 922 6
13 494 6
99 179 6
76 406 6
237 358 6
81 136 6
661 889 6
89 264 6
540 888 6
15 909 6
409 926 6
349 736 6
541 903 6
210 933 6
116 273 6
259 766 6
619 668 6
179 760 6
106 281 6
251 541 6
623 929 6
612 732 6
412 850 6
620 829 6
562 713 6
718 924 6
303 904 6
315 710 6
55 888 6
416 793 6
461 848 6
8 467 6
221 270 6
473 523 6
780 908 6
99 887 6
106 525 6
9 144 6
156 160 6
61 808 6
799 884 6
277 710 6
471 912 6
831 949 6
239 669 6
715 776 6
631 770 6
54 444 6
451 875 6
787 849 6
709 755 6
717 950 6
36 496 6
659 716 6
261 789 6
788 815 6
243 783 6
453 612 6
142 455 6
86 898 6
20 180 6
616 665 6
210 727 6
4 52 6
598 772 6
137 555 6
34 885 6
577 902 6
223 334 6
387 750 6
26 980 6
109 667 6
95 152 6
762 879 6
400 403 6
474 984 6
743 895 6
320 462 6
87 177 6
391 445 6
15 255 6
11 828 6
369 965 6
86 643 6
125 864 6
754 785 6
969 983 6
348 534 6
514 824 6
703 976 6
311 883 6
548 977 6
129 422 6
124 413 6
332 334 6
269 983 6
360 751 6
321 618 6
238 970 6
319 460 6
627 826 6
116 712 6
676 824 6
393 806 6
369 978 6
242 673 6
223 406 6
508 698 6
78 281 6
584 922 6
157 813 6
355 886 6
583 978 6
696 935 6
776 980 6
761 862 6
80 591 6
86 513 6
150 353 6
534 974 6
115 345 6
19 140 6
361 971 6
135 315 6
303 515 6
565 767 6
320 705 6
191 981 6
87 100 6
543 980 6
419 949 6
378 637 6
726 992 6
162 249 6
397 526 6
405 796 6
501 749 6
210 867 6
64 789 6
320 626 6
124 525 6
65 275 6
202 517 6
270 576 6
250 766 6
377 769 6
4 289 6
369 868 6
651 782 6
361 869 6
282 525 6
6 302 6
224 546 6
352 902 6
707 869 6
804 923 6
275 580 6
501 643 6
33 61 6
219 734 6
300 751 6
200 938 6
253 287 6
30 804 6
111 464 6
563 724 6
425 625 6
57 773 6
661 787 6
31 421 6
94 944 6
276 562 6
9 495 6
223 576 6
510 909 6
325 822 6
425 559 6
722 952 6
554 873 6
253 801 6
826 905 6
81 117 6
697 851 6
48 940 6
39 182 6
837 844 6
252 768 6
155 998 6
424 897 6
164 884 6
34 670 6
285 613 6
28 981 6
902 931 6
444 980 6
594 971 6
560 684 6
236 965 6
244 477 6
188 640 6
503 978 6
464 658 6
55 313 6
199 467 6
10 909 6
556 959 6
200 966 6
539 589 6
571 614 6
233 350 6
749 772 6
426 538 6
169 961 6
698 806 6
162 871 6
258 441 6
648 930 6
394 586 6
145 406 6
142 961 6
379 843 6
293 618 6
8 749 6
177 528 6
426 463 6
248 298 6
345 434 6
329 372 6
679 771 6
263 651 6
375 677 6
123 488 6
214 242 6
538 593 6
54 187 6
293 915 6
218 806 6
84 484 6
53 160 6
158 369 6
188 519 6
113 206 6
52 807 6
261 733 6
379 830 6
124 618 6
219 918 6
295 592 6
78 239 6
357 993 6
227 605 6
335 396 6
100 196 6
548 593 6
57 430 6
178 216 6
118 941 6
86 140 6
25 322 6
449 786 6
254 680 6
767 790 6
102 295 6
497 615 6
801 973 6
89 118 6
335 796 6
593 715 6
494 965 6
374 656 6
56 147 6
575 658 6
289 395 6
79 167 6
635 761 6
798 912 6
659 853 6
66 326 6
248 559 6
81 579 6
787 844 6
191 707 6
333 676 6
20 927 6
57 530 6
532 794 6
416 744 6
495 585 6
200 996 6
71 959 6
71 861 6
302 313 6
986 987 6
611 778 6
343 684 6
11 870 6
711 836 6
656 706 6
406 736 6
234 411 6
481 521 6
99 512 6
504 684 6
425 459 6
257 880 6
41 171 6
222 311 6
62 538 6
118 691 6
336 680 6
100 525 6
22 457 6
278 833 6
634 872 6
275 806 6
347 470 6
225 548 6
215 827 6
218 246 6
936 991 6
30 918 6
314 988 6
452 887 6
559 966 6
21 903 6
32 786 6
345 750 6
140 909 6
820 845 6
194 440 6
459 972 6
687 735 6
557 985 6
450 617 6
3 303 6
309 659 6
238 339 6
1 364 6
263 761 6
76 505 6
412 469 6
106 449 6
141 763 6
91 796 6
35 886 6
485 491 6
675 952 6
1 481 6
195 742 6
20 419 6
3 645 6
449 561 6
501 888 6
51 723 6
147 633 6
209 730 6
610 866 6
226 849 6
373 811 6
104 753 6
198 267 6
490 923 6
117 169 6
30 357 6
66 706 7
672 770 7
356 717 7
107 745 7
675 880 7
532 776 7
674 913 7
7 440 7
322 559 7
697 760 7
98 238 7
141 954 7
672 673 7
280 738 7
93 694 7
20 498 7
13 46 7
7 407 7
534 614 7
43 562 7
421 460 7
752 978 7
285 773 7
194 640 7
221 532 7
159 183 7
298 405 7
446 567 7
173 686 7
360 574 7
572 907 7
18 590 7
481 657 7
817 975 7
409 609 7
659 758 7
64 826 7
22 238 7
516 608 7
156 962 7
664 940 7
125 536 7
290 298 7
519 768 7
553 865 7
593 669 7
499 938 7
347 519 7
26 182 7
596 984 7
30 893 7
363 858 7
373 803 7
811 838 7
430 838 7
29 305 7
857 887 7
250 693 7
506 537 7
1 470 7
393 972 7
860 981 7
338 913 7
448 915 7
304 813 7
46 112 7
120 516 7
295 998 7
671 840 7
66 527 7
355 590 7
52 924 7
532 634 7
195 321 7
731 802 7
157 968 7
279 799 7
136 685 7
60 367 7
46 956 7
129 504 7
551 970 7
698 895 7
780 911 7
21 830 7
516 802 7
385 902 7
612 789 7
456 895 7
110 746 7
543 852 7
163 903 7
39 533 7
255 820 7
425 570 7
164 415 7
182 236 7
482 962 7
297 897 7
348 924 7
549 879 7
238 500 7
230 581 7
90 567 7
82 510 7
88 481 7
4 402 7
513 549 7
30 849 7
529 593 7
417 545 7
141 626 7
94 304 7
375 427 7
23 912 7
55 381 7
533 832 7
266 330 7
304 513 7
485 810 7
125 687 7
445 548 7
108 887 7
151 416 7
29 60 7
314 704 7
193 572 7
547 996 7
155 379 7
543 596 7
124 324 7
205 830 7
179 556 7
668 720 7
0 110 7
52 309 7
326 750 7
760 786 7
451 715 7
338 419 7
145 249 7
871 913 7
768 896 7
364 557 7
66 705 7
714 720 7
276 579 7
698 901 7
517 981 7
68 827 7
75 976 7
321 896 7
67 199 7
302 645 7
169 978 7
104 178 7
9 239 7
36 95 7
148 576 7
263 980 7
385 522 7
659 966 7
115 977 7
430 945 7
210 284 7
99 623 7
333 670 7
425 817 7
239 361 7
267 920 7
74 215 7
201 635 7
99 976 7
147 686 7
92 423 7
67 542 7
914 955 7
352 771 7
322 344 7
725 914 7
458 601 7
283 646 7
492 873 7
106 835 7
319 618 7
335 895 7
616 632 7
363 397 7
42 675 7
498 996 7
346 361 7
3 430 7
468 942 7
125 543 7
82 104 7
20 454 7
635 669 7
147 980 7
892 946 7
304 805 7
562 744 7
508 557 7
105 783 7
476 789 7
24 153 7
245 725 7
315 632 7
769 938 7
102 601 7
625 831 7
56 607 7
8 942 7
166 965 7
468 897 7
767 837 7
245 873 7
692 849 7
184 433 7
656 998 7
288 310 7
35 844 7
577 947 7
140 419 7
56 411 7
337 741 7
192 861 7
13 965 7
87 118 7
169 282 7
139 791 7
103 799 7
233 707 7
127 337 7
0 929 7
474 696 7
258 783 7
702 791 7
596 998 7
163 475 7
33 133 7
455 674 7
208 220 7
102 156 7
190 707 7
28 69 7
495 555 7
551 712 7
110 486 7
557 858 7
947 997 7
448 843 7
505 602 7
233 328 7
333 406 7
244 555 7
116 242 7
430 846 7
115 848 7
595 782 7
308 828 7
203 393 7
88 190 7
104 908 7
855 952 7
362 762 7
22 188 7
369 587 7
437 653 7
717 739 7
553 567 7
454 501 7
93 809 7
446 867 7
154 264 7
587 657 7
78 235 7
126 572 7
281 481 7
534 708 7
760 775 7
503 552 7
504 880 7
310 999 7
338 902 7
123 798 7
555 765 7
161 986 7
157 963 7
645 714 7
88 763 7
344 912 7
66 650 7
174 461 7
198 577 7
328 706 7
210 347 7
75 605 7
400 669 7
507 566 7
820 862 7
82 460 7
726 839 7
288 939 7
272 655 7
340 856 7
179 280 7
325 485 7
59 186 7
516 960 7
259 572 7
43 187 7
271 300 7
28 937 7
384 560 7
245 306 7
361 825 7
313 850 7
477 735 7
260 330 7
216 629 7
301 914 7
354 411 7
452 491 7
650 999 7
379 965 7
670 802 7
9 854 7
144 639 7
198 590 7
332 664 7
338 748 7
269 874 7
744 792 7
387 996 7
462 606 7
430 474 7
8 488 7
637 973 7
92 133 7
99 334 7
460 909 7
13 45 7
576 951 7
499 733 7
798 847 7
767 880 7
122 383 7
17 910 7
276 915 7
84 985 7
406 515 7
388 936 7
138 444 7
633 813 7
100 696 7
521 997 7
96 727 7
551 621 7
106 193 7
405 846 7
82 96 7
154 595 7
10 303 7
18 806 7
385 833 7
589 789 7
86 208 7
769 771 7
477 848 7
96 939 7
431 486 7
149 680 7
394 623 7
296 633 7
23 411 7
53 835 7
314 771 7
293 744 7
450 942 7
216 798 7
240 615 7
153 674 7
612 834 7
4 132 7
325 586 7
133 196 7
389 803 7
213 466 7
373 538 7
375 471 7
246 785 7
753 982 7
170 952 7
260 787 7
514 797 7
282 398 7
109 204 7
542 695 7
237 991 7
150 688 7
663 966 7
82 250 7
7 520 7
434 757 7
714 918 7
534 706 7
64 973 7
755 903 7
24 126 7
376 918 7
597 999 7
401 480 7
416 990 7
187 560 7
327 791 7
364 401 7
440 606 7
68 665 7
208 385 7
40 175 7
209 349 7
375 697 7
545 836 7
698 896 7
778 947 7
303 744 7
373 415 7
95 816 7
300 895 7
32 900 7
200 707 7
278 793 7
202 626 7
107 819 7
217 226 7
241 962 7
364 598 7
913 974 7
316 741 7
170 664 7
532 934 7
477 885 7
125 202 7
233 674 7
85 236 7
53 939 7
183 447 7
504 844 7
456 882 7
727 876 7
181 661 7
418 448 7
114 505 7
208 859 7
587 788 7
101 636 7
406 469 7
770 948 7
428 669 7
270 364 7
149 471 7
712 893 7
492 797 7
320 644 7
174 658 7
756 784 7
620 789 7
185 827 7
268 829 7
72 992 7
308 498 7
881 932 7
123 793 7
470 831 7
141 986 7
512 807 7
207 955 7
159 650 7
15 171 7
173 369 7
8 704 7
58 831 7
327 518 7
359 379 7
135 696 7
170 703 7
388 960 7
701 712 7
664 877 7
751 922 7
655 823 7
406 514 7
301 628 7
377 456 7
561 743 7
161 909 7
88 524 7
541 641 7
129 872 7
290 418 7
530 980 7
761 869 7
234 429 7
143 580 7
289 732 7
21 667 7
36 763 7
227 294 7
188 276 7
137 809 7
321 696 7
156 395 7
214 876 7
540 885 7
522 612 7
558 874 7
105 267 7
285 883 7
126 353 7
233 774 7
229 526 7
29 187 7
531 734 7
301 971 7
39 169 7
161 877 7
526 530 7
682 890 7
122 650 7
635 982 7
129 384 7
71 76 7
205 720 7
14 119 7
695 805 7
261 553 7
381 727 7
93 283 7
511 820 7
100 747 7
320 592 7
72 597 7
281 653 7
353 800 7
757 969 7
461 469 7
507 510 7
29 228 7
206 656 7
621 719 7
46 879 7
91 276 7
467 741 7
141 579 7
341 408 7
727 729 7
607 652 7
675 754 7
355 429 7
39 286 7
418 807 7
356 973 7
560 631 7
5 258 7
226 481 7
436 936 7
22 969 7
735 828 7
361 938 7
4 503 7
485 544 7
155 270 7
515 881 7
765 874 7
227 901 7
722 781 7
232 971 7
482 969 7
232 891 7
91 484 7
594 813 7
538 872 7
278 950 7
432 865 7
906 949 7
298 302 7
237 512 7
269 916 7
456 792 7
502 835 7
863 878 7
421 570 7
353 744 7
402 670 7
366 766 7
815 895 7
291 724 7
180 341 7
274 465 7
199 521 7
458 930 7
639 675 7
156 973 7
721 755 7
495 703 7
367 436 7
598 862 7
22 828 7
218 948 7
373 681 7
178 826 7
743 981 7
303 856 7
525 591 7
81 195 7
492 926 7
178 373 7
530 550 7
109 502 7
482 761 7
419 691 7
494 675 7
34 485 7
198 756 7
749 750 7
4 925 7
92 198 7
371 527 7
179 413 7
355 409 7
53 119 7
334 780 7
516 788 7
443 871 7
424 993 7
422 531 7
268 399 7
48 134 7
46 665 7
249 472 7
349 572 7
77 375 7
332 762 7
234 326 7
29 308 7
152 739 7
398 859 7
528 567 7
83 617 7
21 633 7
293 979 7
589 849 7
20 406 7
244 264 7
372 423 7
442 910 7
596 701 7
386 916 7
155 474 7
4 167 7
93 927 7
735 956 7
687 908 7
463 471 7
86 507 7
544 930 7
88 657 7
394 904 7
517 850 7
564 922 7
219 825 7
414 487 7
259 920 7
53 732 7
152 869 7
114 368 7
496 628 7
378 557 7
658 943 7
756 997 7
524 595 7
635 737 7
366 734 7
115 203 7
542 764 7
104 789 7
260 530 7
680 722 7
78 394 7
722 741 7
527 590 7
86 319 7
186 321 7
201 548 7
357 975 7
320 818 7
228 825 7
760 916 7
758 933 7
266 753 7
480 602 7
634 671 7
212 526 7
174 606 7
460 860 7
122 946 7
157 648 7
283 570 7
426 953 7
149 692 7
200 334 7
415 506 7
238 690 7
491 909 7
125 612 7
127 899 7
205 798 7
665 835 7
419 514 7
162 569 7
430 591 7
155 846 7
35 110 7
706 818 7
643 868 7
493 665 7
371 790 7
48 636 7
49 698 7
306 386 7
254 451 7
78 240 7
188 660 7
513 750 7
767 774 7
304 915 7
58 977 7
306 886 7
538 562 7
539 615 7
136 706 7
207 540 7
263 417 7
62 896 7
146 949 7
425 769 7
413 937 7
224 669 7
431 792 7
213 587 7
871 968 7
486 544 7
383 935 7
700 737 7
135 998 7
344 747 7
217 974 7
160 952 7
202 510 7
325 771 7
276 486 7
495 763 7
882 996 7
966 999 7
26 931 7
756 761 7
199 943 7
239 711 7
518 772 7
708 774 7
533 857 7
60 370 7
518 757 7
230 273 7
241 869 7
799 967 7
669 746 7
518 534 7
144 391 7
260 867 7
881 909 7
29 988 7
680 830 7
595 726 7
105 955 7
177 552 7
488 808 7
697 863 7
36 849 7
576 605 7
838 962 7
174 878 7
42 942 7
364 602 7
423 699 7
192 632 7
411 786 7
30 222 7
92 222 7
672 769 7
160 645 7
419 941 7
421 933 7
312 848 7
553 842 7
846 986 7
176 321 7
23 266 7
10 959 7
825 977 7
296 419 7
630 757 7
93 779 7
314 654 7
61 823 7
367 548 7
38 940 7
67 360 7
470 926 7
760 764 7
396 992 7
288 558 7
60 237 7
136 307 7
255 269 7
583 777 7
200 495 7
69 292 7
349 354 7
462 994 7
348 920 7
535 597 7
164 832 7
568 963 7
287 330 7
58 321 7
421 885 7
618 968 7
457 755 7
46 228 7
290 494 7
22 311 7
17 918 7
337 464 7
126 315 7
266 502 7
548 939 7
203 785 7
721 849 7
1 446 7
537 591 7
17 268 7
68 280 7
683 763 7
89 904 7
194 739 7
384 462 7
352 546 7
25 480 7
95 583 7
414 779 7
102 655 7
341 811 7
182 939 7
800 827 7
84 613 7
434 499 7
774 859 7
710 922 7
43 965 7
279 860 7
339 844 7
574 937 7
609 635 7
639 808 7
348 792 7
199 460 7
27 104 7
517 529 7
277 743 7
227 864 7
490 924 7
272 945 7
394 579 7
152 210 7
529 733 7
717 879 7
382 698 7
552 926 7
820 956 7
55 627 7
811 919 7
782 821 7
382 387 7
84 544 7
72 905 7
480 719 7
573 672 7
599 717 7
341 938 7
460 559 7
571 588 7
525 616 7
409 710 7
625 870 7
811 943 7
647 749 7
371 707 7
211 671 7
6 842 7
330 819 7
415 942 7
826 926 7
441 978 7
360 982 7
29 147 7
268 325 7
257 337 7
808 840 7
95 946 7
94 787 7
748 752 7
93 427 7
133 510 7
687 854 7
49 925 7
120 850 7
8 516 7
887 984 7
522 933 7
503 798 7
434 885 7
550 731 7
239 387 7
623 745 7
487 895 7
192 554 7
315 410 7
561 867 7
382 968 7
423 588 7
530 983 7
367 763 7
370 803 7
70 300 7
911 918 7
247 262 7
331 393 7
148 579 7
480 762 7
82 999 7
727 761 7
38 241 7
317 411 7
529 607 7
96 368 7
470 706 7
135 711 7
15 392 7
572 817 7
487 832 7
303 942 7
676 764 7
479 885 7
488 902 7
732 746 7
304 425 7
155 212 7
128 903 7
865 917 7
495 979 7
295 428 7
17 869 7
192 318 7
718 782 7
23 333 7
669 911 7
236 264 7
83 501 7
714 879 7
514 760 7
97 765 7
311 747 7
311 358 7
667 730 7
374 795 7
601 749 7
470 728 7
40 909 7
367 845 7
150 999 7
357 362 7
596 741 7
43 490 7
189 367 7
124 879 7
490 528 7
303 379 7
479 851 7
753 959 7
491 988 8
115 215 8
19 193 8
247 941 8
732 994 8
239 345 8
611 706 8
551 762 8
180 559 8
696 820 8
410 575 8
34 982 8
733 754 8
372 538 8
179 614 8
462 770 8
76 84 8
577 657 8
694 870 8
179 403 8
585 879 8
741 800 8
509 753 8
77 862 8
594 629 8
575 744 8
565 905 8
191 267 8
381 941 8
46 197 8
440 612 8
373 907 8
228 541 8
319 711 8
322 574 8
432 622 8
48 150 8
796 899 8
402 470 8
418 784 8
76 186 8
640 703 8
158 420 8
289 398 8
120 603 8
275 815 8
407 447 8
326 626 8
72 219 8
195 769 8
129 485 8
198 376 8
95 661 8
331 509 8
475 505 8
65 440 8
870 935 8
427 508 8
150 433 8
148 515 8
481 588 8
211 596 8
409 626 8
16 668 8
377 865 8
276 467 8
3 936 8
381 458 8
834 851 8
145 402 8
174 587 8
63 709 8
618 820 8
632 843 8
557 812 8
307 665 8
721 832 8
598 899 8
330 659 8
491 724 8
640 741 8
257 529 8
333 772 8
183 367 8
108 826 8
743 931 8
641 918 8
752 775 8
28 855 8
534 957 8
468 570 8
34 266 8
24 760 8
622 963 8
611 712 8
150 736 8
218 925 8
779 960 8
65 627 8
36 108 8
238 387 8
280 296 8
227 577 8
230 473 8
379 877 8
34 314 8
344 796 8
781 929 8
221 361 8
204 503 8
670 803 8
263 266 8
362 410 8
371 831 8
93 112 8
442 564 8
353 475 8
865 873 8
487 587 8
55 675 8
511 739 8
99 795 8
104 391 8
676 970 8
201 894 8
583 765 8
658 951 8
122 391 8
626 637 8
544 590 8
349 643 8
113 531 8
321 835 8
38 983 8
131 676 8
46 650 8
707 947 8
89 782 8
463 788 8
115 546 8
926 972 8
559 656 8
4 509 8
118 759 8
681 788 8
78 436 8
39 377 8
117 150 8
817 888 8
759 951 8
278 441 8
489 496 8
428 814 8
615 894 8
61 868 8
494 535 8
97 293 8
322 929 8
61 776 8
352 726 8
459 552 8
255 589 8
483 607 8
296 666 8
313 336 8
527 570 8
353 884 8
337 491 8
801 822 8
374 386 8
729 752 8
411 928 8
252 271 8
732 928 8
81 738 8
181 930 8
806 849 8
573 951 8
535 798 8
598 939 8
666 679 8
7 309 8
450 915 8
261 640 8
245 774 8
255 879 8
739 989 8
510 579 8
15 750 8
418 813 8
660 917 8
177 190 8
29 473 8
5 304 8
16 376 8
13 298 8
485 566 8
278 808 8
50 312 8
92 276 8
383 571 8
21 821 8
257 315 8
124 162 8
697 748 8
93 486 8
677 961 8
421 736 8
665 872 8
314 671 8
42 380 8
589 698 8
32 138 8
232 582 8
353 965 8
172 459 8
4 776 8
55 854 8
46 642 8
475 993 8
39 721 8
384 486 8
386 955 8
241 944 8
119 455 8
364 968 8
254 446 8
214 921 8
408 786 8
325 569 8
419 862 8
285 818 8
424 604 8
227 537 8
401 582 8
709 762 8
288 956 8
94 532 8
91 376 8
99 107 8
67 121 8
78 587 8
579 952 8
175 448 8
389 958 8
300 616 8
204 305 8
338 414 8
254 480 8
311 775 8
123 895 8
318 684 8
532 797 8
160 428 8
3 256 8
198 669 8
421 780 8
162 896 8
914 932 8
211 743 8
3 381 8
90 509 8
5 794 8
338 751 8
158 593 8
35 827 8
215 700 8
152 692 8
486 565 8
156 293 8
51 593 8
621 762 8
750 763 8
477 749 8
282 869 8
1 634 8
89 547 8
2 44 8
43 814 8
36 860 8
569 758 8
343 453 8
21 448 8
145 781 8
728 923 8
311 798 8
349 376 8
770 785 8
652 880 8
178 907 8
20 181 8
92 330 8
178 675 8
343 442 8
683 861 8
804 860 8
508 824 8
565 803 8
623 727 8
11 951 8
350 559 8
178 248 8
469 770 8
110 488 8
672 768 8
550 583 8
738 928 8
53 887 8
439 877 8
50 388 8
505 894 8
307 742 8
25 965 8
392 565 8
73 814 8
591 664 8
73 796 8
160 386 8
96 262 8
545 975 8
112 981 8
779 939 8
637 640 8
216 483 8
62 604 8
13 909 8
478 485 8
76 898 8
304 433 8
616 862 8
612 861 8
373 816 8
76 282 8
513 995 8
147 472 8
52 674 8
216 301 8
647 873 8
586 817 8
279 726 8
526 727 8
898 976 8
395 682 8
687 880 8
262 946 8
633 947 8
393 710 8
85 371 8
494 591 8
181 794 8
590 768 8
659 991 8
77 190 8
31 846 8
146 222 8
426 688 8
118 733 8
437 722 8
30 968 8
633 722 8
537 638 8
101 888 8
54 708 8
689 926 8
567 865 8
745 953 8
395 600 8
21 891 8
8 711 8
261 739 8
19 472 8
104 893 8
426 690 8
115 118 8
133 432 8
184 780 8
318 800 8
209 219 8
73 679 8
526 936 8
296 891 8
194 427 8
346 354 8
18 997 8
15 449 8
90 954 8
152 520 8
164 530 8
22 837 8
358 861 8
33 260 8
257 624 8
559 898 8
57 373 8
281 518 8
73 800 8
153 370 8
75 749 8
53 891 8
183 738 8
144 720 8
407 410 8
199 507 8
67 953 8
721 992 8
711 786 8
150 200 8
217 640 8
62 376 8
286 386 8
402 853 8
217 527 8
17 40 8
623 805 8
20 979 8
48 893 8
110 333 8
722 769 8
586 771 8
163 422 8
275 900 8
371 434 8
536 594 8
313 810 8
296 510 8
205 463 8
376 858 8
97 294 8
448 972 8
6 568 8
97 120 8
168 898 8
275 863 8
373 713 8
332 898 8
93 560 8
251 486 8
121 521 8
276 363 8
260 448 8
390 860 8
554 561 8
265 427 8
22 962 8
435 501 8
94 274 8
534 967 8
79 570 8
77 456 8
53 613 8
480 784 8
126 272 8
553 630 8
609 674 8
29 701 8
602 989 8
94 197 8
738 792 8
84 229 8
273 780 8
398 965 8
231 704 8
132 401 8
215 855 8
25 923 8
15 482 8
748 879 8
402 750 8
57 246 8
258 501 8
882 956 8
307 783 8
280 911 8
22 595 8
4 754 8
414 542 8
143 514 8
604 934 8
298 596 8
192 626 8
42 460 8
236 684 8
256 753 8
971 973 8
48 563 8
1 344 8
101 714 8
416 665 8
49 271 8
670 805 8
734 799 8
129 775 8
209 656 8
319 658 8
921 973 8
310 340 8
307 510 8
195 395 8
572 866 8
916 995 8
3 676 8
283 765 8
183 535 8
504 535 8
258 855 8
126 670 8
325 354 8
113 382 8
70 836 8
784 796 8
0 689 8
260 936 8
29 835 8
804 997 8
729 799 8
790 832 8
356 797 8
305 716 8
143 697 8
175 284 8
123 155 8
338 834 8
178 488 8
345 828 8
22 955 8
922 999 8
10 257 8
406 638 8
403 518 8
457 551 8
393 747 8
304 339 8
693 836 8
774 962 8
141 813 8
545 680 8
488 676 8
397 515 8
665 910 8
204 800 8
786 998 8
472 616 8
55 732 8
213 642 8
138 891 8
445 921 8
18 405 8
464 950 8
186 198 8
401 506 8
569 701 8
471 501 8
335 813 8
140 624 8
68 272 8
463 689 8
654 798 8
149 782 8
535 915 8
219 300 8
597 826 8
104 675 8
15 844 8
0 703 8
43 216 8
178 537 8
107 480 8
677 717 8
333 747 8
89 188 8
829 901 8
541 635 8
129 747 8
248 903 8
160 757 8
95 817 8
315 799 8
150 341 8
181 890 8
392 753 8
376 619 8
285 525 8
407 515 8
445 478 8
297 747 8
593 876 8
155 181 8
353 514 8
197 402 8
966 969 8
714 886 8
859 978 8
68 949 8
378 537 8
128 848 8
295 883 8
432 890 8
303 950 8
147 252 8
175 524 8
465 549 8
289 703 8
263 342 8
89 823 8
712 866 8
69 137 8
379 480 8
256 260 8
257 773 8
294 735 8
573 922 8
275 914 8
458 590 8
875 973 8
467 650 8
858 992 8
406 748 8
502 905 8
89 861 8
335 595 8
342 440 8
223 281 8
207 260 8
150 262 8
85 821 8
145 937 8
535 819 8
163 262 8
682 710 8
3 437 8
544 580 8
432 631 8
931 999 8
393 953 8
303 771 8
458 733 8
814 981 8
22 85 8
39 250 8
32 630 8
178 549 8
388 985 8
522 857 8
267 470 8
260 647 8
185 695 8
246 773 8
538 616 8
576 693 8
87 263 8
761 964 8
495 617 8
319 945 8
398 427 8
163 166 8
671 713 8
880 909 8
280 977 8
81 349 8
381 959 8
856 930 8
645 702 8
518 860 8
661 916 8
509 625 8
164 246 8
802 834 8
734 973 8
124 945 8
108 645 8
57 389 8
297 829 8
53 570 8
23 370 8
730 806 8
173 765 8
828 841 8
250 970 8
11 261 8
552 554 8
363 754 8
386 558 8
159 584 8
371 873 8
319 629 8
459 618 8
335 517 8
273 347 8
159 810 8
5 963 8
36 983 8
293 371 8
243 449 8
328 501 8
167 545 8
310 859 8
284 769 8
693 840 8
618 741 8
109 572 8
378 521 8
226 948 8
374 410 8
17 184 8
208 539 8
429 723 8
87 133 8
14 976 8
419 534 8
500 628 8
357 594 8
599 601 8
18 629 8
15 528 8
203 757 8
65 506 8
79 526 8
214 412 8
220 867 8
124 697 8
48 994 8
175 829 8
419 673 8
37 802 8
285 446 8
109 122 8
253 407 8
514 580 8
40 77 8
343 895 8
757 936 8
712 834 8
204 425 8
158 713 8
203 940 8
658 893 8
684 883 8
62 218 8
174 436 8
37 140 8
399 771 8
184 561 8
73 934 8
355 576 8
204 762 8
81 481 8
550 565 8
64 79 8
196 666 8
417 781 8
368 902 8
155 994 8
116 475 8
460 759 8
9 692 8
153 431 8
554 565 8
486 811 8
269 493 8
150 903 8
603 888 8
616 781 8
75 958 8
647 695 8
678 786 8
871 990 8
370 804 8
310 961 8
184 708 8
142 385 8
437 823 8
311 937 8
36 832 8
367 874 8
491 982 8
212 258 8
69 775 8
19 233 8
330 892 8
541 572 8
90 515 8
542 755 8
783 839 8
451 459 8
121 908 8
576 839 8
519 572 8
111 918 8
50 935 8
235 706 8
130 970 8
477 946 8
251 576 8
325 563 8
458 715 8
43 831 8
907 951 8
203 339 8
105 586 8
44 350 8
144 353 8
86 574 8
161 552 8
30 640 8
197 253 8
6 946 8
347 474 8
377 826 8
60 447 8
173 529 8
245 669 8
647 808 8
618 866 8
280 769 8
413 900 8
174 912 8
80 939 8
220 795 8
399 425 8
392 578 8
5 642 8
248 261 8
71 213 8
4 300 8
389 943 8
182 816 8
597 708 8
22 593 8
162 978 8
92 588 8
477 616 8
669 770 8
301 556 8
102 402 8
112 618 8
524 577 8
119 691 8
696 736 8
191 659 8
692 776 8
510 879 8
91 119 8
288 395 8
820 835 8
847 885 8
124 976 8
773 817 8
854 984 8
765 973 8
142 176 8
896 966 8
463 889 8
146 863 8
120 404 8
290 738 8
231 234 8
742 771 8
347 755 8
185 838 8
253 266 8
141 464 8
41 349 8
211 425 8
136 788 8
236 892 8
371 627 8
124 385 8
435 553 8
214 287 8
965 987 8
867 901 8
534 850 8
585 771 8
365 477 8
76 640 8
296 913 8
409 941 8
370 610 8
657 850 8
716 927 8
162 281 8
105 944 8
44 96 8
501 803 8
65 127 8
373 871 8
675 958 8
89 356 8
385 867 8
502 653 8
358 755 8
520 743 8
541 576 8
108 591 8
968 980 8
280 599 8
515 616 8
159 454 8
11 248 8
445 835 8
183 910 8
367 477 8
572 797 8
195 600 8
171 594 8
19 343 8
373 838 8
163 186 8
607 734 8
761 763 8
785 811 8
16 346 8
118 384 8
53 746 8
878 978 8
114 628 8
8 457 8
63 244 8
428 536 8
601 738 8
196 634 8
7 689 8
23 978 8
66 922 8
508 652 8
401 617 8
252 351 8
137 944 8
156 845 8
229 831 8
404 947 8
488 583 8
511 897 8
478 998 8
436 536 8
744 961 8
213 574 8
493 905 8
476 708 8
194 497 8
179 825 8
813 834 8
108 395 8
300 729 8
163 686 8
462 827 8
55 347 8
214 559 8
42 616 8
503 905 8
438 702 8
862 911 8
206 495 8
132 792 8
491 865 8
198 492 8
153 158 8
605 964 8
674 708 8
413 454 8
206 814 8
632 716 8
259 848 8
274 637 8
330 776 8
657 897 8
158 324 8
174 577 8
472 575 8
428 557 8
440 521 8
151 980 8
545 901 8
863 994 8
3 459 8
221 352 8
66 964 8
730 995 8
309 481 8
66 338 8
374 884 8
34 88 8
284 689 8
56 597 8
112 290 8
358 492 8
395 911 8
143 848 8
44 804 8
494 865 8
452 868 8
482 734 8
148 949 8
516 909 8
276 882 8
91 921 8
141 325 8
246 493 8
681 701 8
470 643 8
136 779 9
499 761 9
538 939 9
413 485 9
156 642 9
369 786 9
64 99 9
168 664 9
429 799 9
226 983 9
327 664 9
357 388 9
40 472 9
254 706 9
184 404 9
613 833 9
538 892 9
709 857 9
610 887 9
340 388 9
299 978 9
431 860 9
190 867 9
420 671 9
276 397 9
386 619 9
951 960 9
874 900 9
317 553 9
588 877 9
256 359 9
615 901 9
279 977 9
101 867 9
89 591 9
484 641 9
469 607 9
579 750 9
374 959 9
26 513 9
734 818 9
592 832 9
859 916 9
793 905 9
837 967 9
3 100 9
293 298 9
258 444 9
714 945 9
492 893 9
328 570 9
108 450 9
861 962 9
95 520 9
562 716 9
91 846 9
156 601 9
178 282 9
283 465 9
482 595 9
680 840 9
344 523 9
299 363 9
208 309 9
74 390 9
830 871 9
111 518 9
63 783 9
245 855 9
407 625 9
6 150 9
696 909 9
345 742 9
327 806 9
230 535 9
485 727 9
361 654 9
817 869 9
153 695 9
566 789 9
49 586 9
709 841 9
403 611 9
150 651 9
146 566 9
483 523 9
77 597 9
826 982 9
584 693 9
393 454 9
69 967 9
85 466 9
364 469 9
577 821 9
23 465 9
330 789 9
281 421 9
157 769 9
660 822 9
354 679 9
783 950 9
312 466 9
690 777 9
111 162 9
566 910 9
748 981 9
272 542 9
887 951 9
732 877 9
283 964 9
252 619 9
188 899 9
606 906 9
399 717 9
401 575 9
187 770 9
270 338 9
416 750 9
572 868 9
1 535 9
122 998 9
73 319 9
399 643 9
399 994 9
72 462 9
496 602 9
265 927 9
366 902 9
218 851 9
477 905 9
130 608 9
13 562 9
525 751 9
225 730 9
249 889 9
470 520 9
36 113 9
538 696 9
281 476 9
893 971 9
360 402 9
228 715 9
283 806 9
217 580 9
179 599 9
298 511 9
537 731 9
655 832 9
85 348 9
741 746 9
189 809 9
84 298 9
624 906 9
242 327 9
699 718 9
488 633 9
199 248 9
283 725 9
447 576 9
299 327 9
338 845 9
622 624 9
850 933 9
281 734 9
69 381 9
72 678 9
454 690 9
141 809 9
92 662 9
237 800 9
27 45 9
642 937 9
126 284 9
27 540 9
360 422 9
673 794 9
282 646 9
302 848 9
235 590 9
143 711 9
105 932 9
468 883 9
506 712 9
31 422 9
82 437 9
191 629 9
86 664 9
40 690 9
571 819 9
361 418 9
329 763 9
814 861 9
352 954 9
258 504 9
825 912 9
17 353 9
493 793 9
92 965 9
181 182 9
633 950 9
468 762 9
581 788 9
700 862 9
38 789 9
450 530 9
215 590 9
437 458 9
51 380 9
118 621 9
38 773 9
704 725 9
186 696 9
91 463 9
672 846 9
254 835 9
89 464 9
152 473 9
2 661 9
250 912 9
115 521 9
32 588 9
453 665 9
268 661 9
460 839 9
390 596 9
469 516 9
206 302 9
204 301 9
524 834 9
70 301 9
204 415 9
58 393 9
399 737 9
127 584 9
377 636 9
220 337 9
197 615 9
27 360 9
496 530 9
416 886 9
52 346 9
403 872 9
385 511 9
418 981 9
185 941 9
468 563 9
196 357 9
219 469 9
331 553 9
35 433 9
304 910 9
151 805 9
177 627 9
279 309 9
77 168 9
2 436 9
440 923 9
823 864 9
500 517 9
180 820 9
34 920 9
147 814 9
255 423 9
297 711 9
134 720 9
633 736 9
160 727 9
408 523 9
146 519 9
91 804 9
75 532 9
627 630 9
60 872 9
19 950 9
416 995 9
107 503 9
240 623 9
245 677 9
637 739 9
276 902 9
268 870 9
602 982 9
526 589 9
130 333 9
214 587 9
353 674 9
108 877 9
206 251 9
367 432 9
379 584 9
131 965 9
111 343 9
408 539 9
179 792 9
430 965 9
143 632 9
614 946 9
806 820 9
85 673 9
362 401 9
233 986 9
27 834 9
62 241 9
436 487 9
134 355 9
233 570 9
338 820 9
689 856 9
245 344 9
399 788 9
319 715 9
791 852 9
36 825 9
381 640 9
770 991 9
243 841 9
434 709 9
230 603 9
149 901 9
51 400 9
279 339 9
699 724 9
306 851 9
266 602 9
46 166 9
304 320 9
123 621 9
323 362 9
265 910 9
402 559 9
191 793 9
127 157 9
321 601 9
302 706 9
206 229 9
689 947 9
29 796 9
47 678 9
178 949 9
182 908 9
7 538 9
97 876 9
569 614 9
160 555 9
400 658 9
708 992 9
27 227 9
873 920 9
214 918 9
265 472 9
209 532 9
598 801 9
148 455 9
154 906 9
763 878 9
181 695 9
311 968 9
51 582 9
591 975 9
483 918 9
3 148 9
77 332 9
31 541 9
82 543 9
638 863 9
86 546 9
102 789 9
222 348 9
31 681 9
370 842 9
663 754 9
864 919 9
255 644 9
589 717 9
440 735 9
211 401 9
264 960 9
20 844 9
450 919 9
828 909 9
359 452 9
125 803 9
522 558 9
786 899 9
827 850 9
394 429 9
120 839 9
104 917 9
122 794 9
313 867 9
220 920 9
14 166 9
740 835 9
926 928 9
199 223 9
270 370 9
411 972 9
430 586 9
77 647 9
699 769 9
491 908 9
82 180 9
333 550 9
947 953 9
57 844 9
92 649 9
499 976 9
132 272 9
74 593 9
116 870 9
103 193 9
538 613 9
589 916 9
610 895 9
13 379 9
618 724 9
48 804 9
406 635 9
549 991 9
625 710 9
396 755 9
232 750 9
750 758 9
301 879 9
487 774 9
259 362 9
393 712 9
110 772 9
146 243 9
535 857 9
52 793 9
136 428 9
405 706 9
232 788 9
119 944 9
715 821 9
18 254 9
73 488 9
148 348 9
472 788 9
298 316 9
511 721 9
315 437 9
709 945 9
480 820 9
702 842 9
372 522 9
191 721 9
188 888 9
531 755 9
563 997 9
139 558 9
562 746 9
505 627 9
331 901 9
344 760 9
28 849 9
71 167 9
194 327 9
677 713 9
390 838 9
385 574 9
426 613 9
371 978 9
50 437 9
147 752 9
496 604 9
818 959 9
52 546 9
122 778 9
297 338 9
406 724 9
45 653 9
663 795 9
15 801 9
3 420 9
376 525 9
431 703 9
331 347 9
488 609 9
411 824 9
417 513 9
680 776 9
168 826 9
624 955 9
525 687 9
207 310 9
496 725 9
217 923 9
9 477 9
369 678 9
730 845 9
835 971 9
178 229 9
30 324 9
240 602 9
108 924 9
42 605 9
382 495 9
38 924 9
63 382 9
767 834 9
714 921 9
708 976 9
177 179 9
274 683 9
144 945 9
1 503 9
448 730 9
89 933 9
408 875 9
510 998 9
325 717 9
261 421 9
457 957 9
236 995 9
177 530 9
162 857 9
113 957 9
515 768 9
178 981 9
460 723 9
154 407 9
529 763 9
367 383 9
499 659 9
344 483 9
208 283 9
372 786 9
672 783 9
522 860 9
716 816 9
535 630 9
436 720 9
142 619 9
55 747 9
224 264 9
36 824 9
551 585 9
148 308 9
30 667 9
418 649 9
473 622 9
502 686 9
51 670 9
98 304 9
2 885 9
105 281 9
419 677 9
282 321 9
414 778 9
746 868 9
301 709 9
174 655 9
418 985 9
300 563 9
68 750 9
651 847 9
173 449 9
760 866 9
142 205 9
75 348 9
305 882 9
401 790 9
183 336 9
415 685 9
760 890 9
381 642 9
16 660 9
795 898 9
415 677 9
10 733 9
724 860 9
234 649 9
644 745 9
301 535 9
754 918 9
477 480 9
40 861 9
510 546 9
224 813 9
748 828 9
734 874 9
548 587 9
196 427 9
299 377 9
352 818 9
403 856 9
26 888 9
735 858 9
791 918 9
122 573 9
206 264 9
276 771 9
580 914 9
279 852 9
415 978 9
242 285 9
658 786 9
589 680 9
621 805 9
224 690 9
338 400 9
24 999 9
59 800 9
452 949 9
57 699 9
754 761 9
243 822 9
29 445 9
780 876 9
628 642 9
231 565 9
198 945 9
187 757 9
208 824 9
338 487 9
163 819 9
664 815 9
415 637 9
119 180 9
283 643 9
270 299 9
237 691 9
135 308 9
297 456 9
965 997 9
549 909 9
840 930 9
49 981 9
633 837 9
113 712 9
588 704 9
305 928 9
245 521 9
40 181 9
434 702 9
341 667 9
206 490 9
833 990 9
225 973 9
8 228 9
678 885 9
69 655 9
2 381 9
368 564 9
697 940 9
717 774 9
372 576 9
399 795 9
649 749 9
345 672 9
119 246 9
216 269 9
87 147 9
645 654 9
136 941 9
34 990 9
553 893 9
364 743 9
344 625 9
2 391 9
76 855 9
117 600 9
329 795 9
290 337 9
691 858 9
375 807 9
129 769 9
296 821 9
473 659 9
708 964 9
289 591 9
488 879 9
127 324 9
312 888 9
24 324 9
832 925 9
234 868 9
315 376 9
800 977 9
129 936 9
506 553 9
78 933 9
92 961 9
386 583 9
168 281 9
375 715 9
97 906 9
217 465 9
385 635 9
442 960 9
89 374 9
281 346 9
238 926 9
161 247 9
292 979 9
571 804 9
2 944 9
638 786 9
104 284 9
79 145 9
129 784 9
291 760 9
237 900 9
414 546 9
196 910 9
368 455 9
756 842 9
151 695 9
62 827 9
280 593 9
392 510 9
340 547 9
271 611 9
107 511 9
169 701 9
240 294 9
409 446 9
652 840 9
683 764 9
375 448 9
159 281 9
469 669 9
666 792 9
512 769 9
78 590 9
49 320 9
454 828 9
100 773 9
169 723 9
348 864 9
466 631 9
175 458 9
404 946 9
331 991 9
84 907 9
244 315 9
216 831 9
539 693 9
547 677 9
222 279 9
48 844 9
154 907 9
251 336 9
259 527 9
90 566 9
317 831 9
307 641 9
897 906 9
160 287 9
485 689 9
155 847 9
116 931 9
3 874 9
182 917 9
729 971 9
375 997 9
284 981 9
467 935 9
618 720 9
74 135 9
358 834 9
104 805 9
409 662 9
139 837 9
924 938 9
479 571 9
88 220 9
942 970 9
378 972 9
110 221 9
250 624 9
230 626 9
273 632 9
371 542 9
293 382 9
333 983 9
18 851 9
23 826 9
202 301 9
340 375 9
465 550 9
415 583 9
121 585 9
43 604 9
19 257 9
45 387 9
541 932 9
312 900 9
3 310 9
541 557 9
329 720 9
118 299 9
675 712 9
598 673 9
375 595 9
802 850 9
540 771 9
465 833 9
162 596 9
139 162 9
633 771 9
206 946 9
507 642 9
39 72 9
92 659 9
80 382 9
500 508 9
401 485 9
214 458 9
70 731 9
221 753 9
631 830 9
348 551 9
158 292 9
659 808 9
428 817 9
339 908 9
216 236 9
479 500 9
258 490 9
487 546 9
264 584 9
73 749 9
787 954 9
350 408 9
433 807 9
344 841 9
65 878 9
105 129 9
272 641 9
105 588 9
696 949 9
14 247 9
114 166 9
112 521 9
643 966 9
668 708 9
646 670 9
435 474 9
486 668 9
471 853 9
166 286 9
27 695 9
498 815 9
98 783 9
488 595 9
315 513 9
501 989 9
369 729 9
276 908 9
410 926 9
28 843 9
228 269 9
36 61 9
398 587 9
548 950 9
150 402 9
670 877 9
164 955 9
5 892 9
188 692 9
250 768 9
652 773 9
312 776 9
794 953 9
212 251 9
128 294 9
432 832 9
139 485 9
438 688 9
647 720 9
418 782 9
440 938 9
98 511 9
832 991 9
239 286 9
243 978 9
162 675 9
389 576 9
779 970 9
147 880 9
784 994 9
422 816 9
593 872 9
585 644 9
259 885 9
768 924 9
695 883 9
202 811 9
45 340 9
185 494 9
301 649 9
130 791 9
933 957 9
461 879 9
511 993 9
101 230 9
107 345 9
712 955 9
287 977 9
388 734 9
627 727 9
208 494 9
105 277 9
279 497 9
46 883 9
340 739 9
874 989 9
94 906 9
760 819 9
620 885 9
49 433 9
481 698 9
6 259 9
583 664 9
200 798 9
716 738 9
297 858 9
772 797 9
68 603 9
441 615 9
635 882 9
215 554 9
478 856 9
19 934 9
387 521 9
171 261 9
9 390 9
704 841 9
118 240 9
771 990 9
121 676 9
254 645 9
491 929 9
94 875 9
484 850 9
491 531 9
94 437 9
273 418 9
55 239 9
778 824 9
319 534 9
13 708 9
329 605 9
158 743 9
205 964 9
254 643 9
796 821 9
112 655 9
37 419 9
299 836 9
107 272 9
276 630 9
645 853 9
11 477 9
233 611 9
90 243 9
657 852 9
440 476 9
348 617 9
60 772 9
401 981 9
98 204 9
272 475 9
45 345 9
708 906 9
231 823 9
329 670 9
486 574 9
62 700 9
184 697 9
555 951 9
307 751 9
391 990 9
218 982 9
255 912 9
381 420 9
146 848 9
238 653 9
926 956 9
802 880 9
341 895 9
6 547 9
687 695 9
209 625 9
648 751 9
158 643 9
458 811 9
216 903 9
512 771 9
77 612 9
854 934 9
69 89 9
157 226 9
62 707 9
286 370 9
774 954 9
197 672 9
191 329 10
94 173 10
408 905 10
626 887 10
156 705 10
465 641 10
257 737 10
96 869 10
28 910 10
122 610 10
425 918 10
84 885 10
268 343 10
116 324 10
128 244 10
590 966 10
214 381 10
57 833 10
643 715 10
531 544 10
93 229 10
448 862 10
853 941 10
522 977 10
212 769 10
193 702 10
306 948 10
154 387 10
620 686 10
837 871 10
609 811 10
58 329 10
142 884 10
60 379 10
125 779 10
28 199 10
245 484 10
464 733 10
194 934 10
271 412 10
598 605 10
17 34 10
414 621 10
52 852 10
164 984 10
200 353 10
948 995 10
284 648 10
342 431 10
353 363 10
400 418 10
111 344 10
773 955 10
53 241 10
565 921 10
264 674 10
368 972 10
567 717 10
429 777 10
623 945 10
71 793 10
287 572 10
19 719 10
885 887 10
297 595 10
267 912 10
762 989 10
543 840 10
388 791 10
463 596 10
631 866 10
677 800 10
237 902 10
21 600 10
454 468 10
96 143 10
166 980 10
297 539 10
506 700 10
813 851 10
478 936 10
81 880 10
441 669 10
472 856 10
443 829 10
94 724 10
184 888 10
126 860 10
159 513 10
42 772 10
3 50 10
308 499 10
321 852 10
432 917 10
76 808 10
507 938 10
95 506 10
31 640 10
128 622 10
20 356 10
104 946 10
152 160 10
606 803 10
560 874 10
509 836 10
304 700 10
229 715 10
681 938 10
320 439 10
63 141 10
338 499 10
494 662 10
770 964 10
131 178 10
72 887 10
247 564 10
380 625 10
407 671 10
257 479 10
43 711 10
397 730 10
586 885 10
299 581 10
40 329 10
273 577 10
63 402 10
3 165 10
65 529 10
588 596 10
542 599 10
84 241 10
189 349 10
239 468 10
460 647 10
180 416 10
201 319 10
244 919 10
516 720 10
52 993 10
342 817 10
562 782 10
567 841 10
0 954 10
155 796 10
217 932 10
354 610 10
265 662 10
61 287 10
578 985 10
460 561 10
707 931 10
195 722 10
630 715 10
859 935 10
286 471 10
973 995 10
350 685 10
264 646 10
201 423 10
269 863 10
98 521 10
329 646 10
231 439 10
260 644 10
724 934 10
471 545 10
449 890 10
437 846 10
795 827 10
479 561 10
918 949 10
253 478 10
576 619 10
805 974 10
562 578 10
24 304 10
62 116 10
682 702 10
183 819 10
470 666 10
215 673 10
496 605 10
575 707 10
118 589 10
367 399 10
286 914 10
223 348 10
259 502 10
480 673 10
319 817 10
579 855 10
94 259 10
155 165 10
242 456 10
744 861 10
452 897 10
123 671 10
763 822 10
164 987 10
508 657 10
249 655 10
372 543 10
421 629 10
612 811 10
288 848 10
585 702 10
91 722 10
67 567 10
70 94 10
258 497 10
89 369 10
572 653 10
564 993 10
441 872 10
502 628 10
38 483 10
1 771 10
350 755 10
13 489 10
163 431 10
368 446 10
315 917 10
389 727 10
218 346 10
41 317 10
228 982 10
294 396 10
747 763 10
23 806 10
346 811 10
51 594 10
372 397 10
561 886 10
115 133 10
96 461 10
99 703 10
655 992 10
4 791 10
530 861 10
284 554 10
158 289 10
171 181 10
222 689 10
555 698 10
202 299 10
281 720 10
387 753 10
372 646 10
187 662 10
438 530 10
616 892 10
264 722 10
142 907 10
434 920 10
117 530 10
521 758 10
379 533 10
128 366 10
212 280 10
658 878 10
153 399 10
246 884 10
433 505 10
4 78 10
10 547 10
500 858 10
246 549 10
193 903 10
101 493 10
47 777 10
934 936 10
397 712 10
304 454 10
894 941 10
414 742 10
176 487 10
335 584 10
358 874 10
69 763 10
179 730 10
143 300 10
85 656 10
26 192 10
79 543 10
531 885 10
561 783 10
71 420 10
98 705 10
210 361 10
134 258 10
224 800 10
773 877 10
493 834 10
116 904 10
778 806 10
239 693 10
346 816 10
217 794 10
916 930 10
353 358 10
777 941 10
333 933 10
653 805 10
478 631 10
241 587 10
299 879 10
402 738 10
211 329 10
648 908 10
646 794 10
86 849 10
787 981 10
430 489 10
751 877 10
148 786 10
673 731 10
450 541 10
442 582 10
816 927 10
268 897 10
199 739 10
6 971 10
332 383 10
379 780 10
761 807 10
444 646 10
93 245 10
313 967 10
1 98 10
325 804 10
321 854 10
308 353 10
739 902 10
129 718 10
465 729 10
161 203 10
527 916 10
278 892 10
241 700 10
475 717 10
669 842 10
389 558 10
248 751 10
418 515 10
897 937 10
159 825 10
287 962 10
44 343 10
74 432 10
531 912 10
417 656 10
548 566 10
696 912 10
220 684 10
255 564 10
185 940 10
165 513 10
448 904 10
99 879 10
415 758 10
369 643 10
184 792 10
13 715 10
653 937 10
267 516 10
396 893 10
423 616 10
388 393 10
460 481 10
248 733 10
784 922 10
772 869 10
198 921 10
557 935 10
88 752 10
359 527 10
122 569 10
41 494 10
525 766 10
84 832 10
217 578 10
114 977 10
501 646 10
536 769 10
225 579 10
56 839 10
212 583 10
668 834 10
301 577 10
618 748 10
6 742 10
641 935 10
63 306 10
576 852 10
473 493 10
619 672 10
125 900 10
269 726 10
642 896 10
381 916 10
541 848 10
469 902 10
439 584 10
868 996 10
602 885 10
256 519 10
45 612 10
336 512 10
93 787 10
43 444 10
153 270 10
259 412 10
46 737 10
739 791 10
387 392 10
341 524 10
243 404 10
210 248 10
397 860 10
408 541 10
377 758 10
158 258 10
259 726 10
180 577 10
714 937 10
847 934 10
68 557 10
707 851 10
771 839 10
102 570 10
79 85 10
828 949 10
645 745 10
439 724 10
129 735 10
557 564 10
716 798 10
17 424 10
654 907 10
19 332 10
793 870 10
208 930 10
88 319 10
514 712 10
166 409 10
160 420 10
590 904 10
180 768 10
191 440 10
201 915 10
700 961 10
57 660 10
455 889 10
240 323 10
210 258 10
55 601 10
273 789 10
78 529 10
495 778 10
263 337 10
623 790 10
610 948 10
547 775 10
124 580 10
792 949 10
122 578 10
163 442 10
509 979 10
540 660 10
116 543 10
185 794 10
111 400 10
552 555 10
439 824 10
467 668 10
675 988 10
432 720 10
671 710 10
63 885 10
822 933 10
452 531 10
92 503 10
259 374 10
10 943 10
164 913 10
241 925 10
56 95 10
656 746 10
266 276 10
66 253 10
147 870 10
103 848 10
199 696 10
389 739 10
13 659 10
270 339 10
664 716 10
373 561 10
627 763 10
37 936 10
460 726 10
918 995 10
263 501 10
430 677 10
265 990 10
342 721 10
106 585 10
240 571 10
626 872 10
629 728 10
159 562 10
440 667 10
724 794 10
123 484 10
7 899 10
659 878 10
78 528 10
127 583 10
277 561 10
118 424 10
350 481 10
681 846 10
36 499 10
414 586 10
167 354 10
371 898 10
323 573 10
174 622 10
426 445 10
139 817 10
888 989 10
641 907 10
172 451 10
218 223 10
529 771 10
196 675 10
617 910 10
232 668 10
887 961 10
225 243 10
168 938 10
560 627 10
84 251 10
379 580 10
83 592 10
43 736 10
66 739 10
166 248 10
433 681 10
895 902 10
211 509 10
446 494 10
679 735 10
479 929 10
221 319 10
40 983 10
446 747 10
24 958 10
143 241 10
259 550 10
130 243 10
293 866 10
450 496 10
371 404 10
299 306 10
888 893 10
288 810 10
812 933 10
643 914 10
66 454 10
455 892 10
626 656 10
960 994 10
893 933 10
127 537 10
737 979 10
48 996 10
499 773 10
203 280 10
266 421 10
312 428 10
65 659 10
433 886 10
454 783 10
627 991 10
253 430 10
116 176 10
124 530 10
452 879 10
97 889 10
550 783 10
795 895 10
251 457 10
365 369 10
140 187 10
457 589 10
86 309 10
908 974 10
172 818 10
57 782 10
762 802 10
418 772 10
194 977 10
760 770 10
184 237 10
504 964 10
150 349 10
216 634 10
523 898 10
113 848 10
40 837 10
45 308 10
574 626 10
422 923 10
643 881 10
145 374 10
362 754 10
18 121 10
538 710 10
889 951 10
338 467 10
399 841 10
524 695 10
632 949 10
104 584 10
108 277 10
365 924 10
242 756 10
512 533 10
89 631 10
412 530 10
593 931 10
284 672 10
498 518 10
266 591 10
686 807 10
475 606 10
37 68 10
45 953 10
609 833 10
481 727 10
507 654 10
352 609 10
23 42 10
564 729 10
420 823 10
533 967 10
255 846 10
324 960 10
238 623 10
520 803 10
77 250 10
676 792 10
180 335 10
388 437 10
402 872 10
861 954 10
294 701 10
598 992 10
292 392 10
728 887 10
53 382 10
448 846 10
279 728 10
213 406 10
797 807 10
442 871 10
587 881 10
53 960 10
90 984 10
794 962 10
331 661 10
290 869 10
72 920 10
270 439 10
789 825 10
701 819 10
371 943 10
239 466 10
462 548 10
430 840 10
2 199 10
481 785 10
282 363 10
209 989 10
568 996 10
204 920 10
34 558 10
200 323 10
140 712 10
715 838 10
150 811 10
498 882 10
134 401 10
237 971 10
172 833 10
382 409 10
124 928 10
578 714 10
186 935 10
132 637 10
73 148 10
33 267 10
79 909 10
44 935 10
354 780 10
296 389 10
188 288 10
710 820 10
482 673 10
7 53 10
100 110 10
283 309 10
404 528 10
204 585 10
951 963 10
55 469 10
520 569 10
607 636 10
380 895 10
115 258 10
699 918 10
482 990 10
27 842 10
33 470 10
400 701 10
79 785 10
426 606 10
246 860 10
695 702 10
56 658 10
30 778 10
79 605 10
592 911 10
38 113 10
374 992 10
306 883 10
411 890 10
95 812 10
243 862 10
148 210 10
426 999 10
472 749 10
29 777 10
618 983 10
374 800 10
63 716 10
644 858 10
862 970 10
72 522 10
109 241 10
209 423 10
102 115 10
751 895 10
304 832 10
172 858 10
34 364 10
158 880 10
153 597 10
735 871 10
759 843 10
536 597 10
12 981 10
573 756 10
60 518 10
217 968 10
75 693 10
30 379 10
432 484 10
174 604 10
183 575 10
370 653 10
137 747 10
300 892 10
161 766 10
84 279 10
294 655 10
425 599 10
55 200 10
70 599 10
330 543 10
360 683 10
618 663 10
325 494 10
407 453 10
729 795 10
207 497 10
5 311 10
542 733 10
318 508 10
69 591 10
209 845 10
712 787 10
740 801 10
474 706 10
315 610 10
882 962 10
121 448 10
381 883 10
12 671 10
125 631 10
124 766 10
275 948 10
707 960 10
268 524 10
65 369 10
20 761 10
139 306 10
190 496 10
139 778 10
691 846 10
306 459 10
220 885 10
368 389 10
109 465 10
364 525 10
731 789 10
607 887 10
159 655 10
139 579 10
240 846 10
59 275 10
200 980 10
64 310 10
254 847 10
185 432 10
241 679 10
345 629 10
561 658 10
124 462 10
312 972 10
634 653 10
256 514 10
384 498 10
505 880 10
203 289 10
10 584 10
412 824 10
241 452 10
245 308 10
463 601 10
470 709 10
115 246 10
326 497 10
275 785 10
800 846 10
507 887 10
246 735 10
568 673 10
324 992 10
414 737 10
282 387 10
181 383 10
294 737 10
274 553 10
773 958 10
206 469 10
70 646 10
517 907 10
780 970 10
509 776 10
219 451 10
177 313 10
298 666 10
37 864 10
889 930 10
383 969 10
98 408 10
135 234 10
943 953 10
102 910 10
10 634 10
86 580 10
39 839 10
76 267 10
307 983 10
360 880 10
537 551 10
333 787 10
123 264 10
113 183 10
237 494 10
292 991 10
656 688 10
319 760 10
740 796 10
841 917 10
1 280 10
151 693 10
143 348 10
130 718 10
476 632 10
100 369 10
85 578 10
521 946 10
288 622 10
68 735 10
238 665 10
28 452 10
282 624 10
614 853 10
10 97 10
393 462 10
693 809 10
525 689 10
261 472 10
37 865 10
828 948 10
787 968 10
165 527 10
210 632 10
657 949 10
204 371 10
142 916 10
204 443 10
476 485 10
782 951 10
231 737 10
15 58 10
468 786 10
82 628 10
129 631 10
497 908 10
17 613 10
481 854 10
282 473 10
640 905 10
859 870 10
803 839 10
511 955 10
92 853 10
616 773 10
234 344 10
459 507 10
263 983 10
465 586 10
545 687 10
166 436 10
221 740 10
627 797 10
397 900 10
384 427 10
51 136 10
693 850 10
540 785 10
36 232 10
828 938 10
149 779 10
405 868 10
408 977 10
201 940 10
14 149 10
541 995 10
144 677 10
301 953 10
278 716 10
179 660 10
91 453 10
168 776 10
297 787 10
347 757 10
150 157 10
331 725 10
44 954 10
99 474 10
713 980 10
91 693 10
243 405 10
484 524 10
399 435 10
248 920 10
44 282 10
112 948 10
175 355 10
104 458 10
390 930 10
295 503 10
251 805 10
261 320 10
172 617 10
363 493 10
171 680 10
44 384 10
261 465 10
343 955 10
405 878 10
804 815 10
339 786 10
317 813 10
25 169 10
20 393 10
137 430 10
505 605 10
138 685 10
525 894 10
759 886 10
588 996 10
386 669 10
295 562 10
143 426 10
546 910 11
