37 92 1
79 83 1
15 42 1
84 86 1
11 60 1
25 37 1
43 67 1
94 98 1
4 71 1
35 95 1
9 19 1
7 87 1
70 72 1
33 72 1
40 57 1
7 22 1
20 67 1
27 71 1
27 32 1
1 86 1
9 43 1
23 70 1
26 80 1
17 99 1
25 45 1
0 84 1
7 12 1
94 99 1
82 99 1
42 84 1
10 91 1
48 57 1
53 69 1
71 87 1
37 90 1
6 10 1
4 63 1
92 94 1
1 89 1
16 49 1
48 69 1
71 83 1
5 75 1
2 19 1
26 32 1
14 44 1
23 95 1
10 79 1
15 86 1
89 97 1
4 62 1
64 84 1
13 94 1
27 70 1
56 57 1
0 69 1
17 33 1
37 73 1
35 80 1
10 58 1
22 38 1
57 85 1
52 66 1
32 36 1
45 63 1
1 30 1
5 26 1
19 79 1
73 92 1
12 41 1
27 29 1
38 58 1
17 75 1
48 58 1
61 63 1
0 67 1
81 91 1
75 80 1
7 97 1
5 96 1
15 64 1
2 8 1
23 34 1
38 66 1
50 64 1
24 47 1
23 78 1
48 62 1
34 53 1
63 95 1
5 50 1
35 37 1
42 80 1
43 99 1
77 99 1
47 57 1
12 68 1
34 39 1
68 92 1
67 68 2
36 99 2
56 68 2
34 97 2
16 48 2
15 74 2
21 36 2
35 58 2
39 42 2
41 66 2
30 82 2
19 45 2
31 48 2
70 85 2
56 74 2
30 96 2
78 96 2
13 82 2
21 98 2
0 44 2
41 56 2
22 56 2
21 66 2
28 49 2
45 70 2
64 85 2
29 62 2
6 77 2
66 73 2
58 97 2
16 36 2
25 44 2
6 82 2
8 70 2
34 72 2
24 58 2
8 34 2
12 98 2
52 67 2
54 98 2
59 82 2
13 49 2
42 86 2
41 94 2
76 81 2
22 37 2
36 37 2
64 97 2
59 64 2
5 65 2
18 25 2
61 73 2
40 98 2
7 70 2
21 75 2
27 65 2
23 83 2
61 69 2
44 85 2
30 85 2
62 64 2
20 94 2
13 34 2
85 95 2
25 95 2
45 93 2
12 51 2
54 71 2
24 73 2
68 71 2
38 61 2
76 77 2
8 86 2
12 62 2
46 66 2
4 21 2
47 49 2
63 86 2
13 38 2
76 91 2
10 18 2
16 37 2
29 54 2
17 35 2
1 97 2
24 75 2
16 38 2
80 96 2
40 48 2
87 93 2
27 46 2
41 57 2
39 72 2
66 88 2
33 67 2
27 60 2
55 94 2
7 48 2
35 81 2
17 21 2
40 78 3
5 99 3
42 85 3
48 66 3
5 41 3
12 95 3
28 39 3
33 52 3
73 90 3
23 44 3
25 85 3
37 60 3
50 59 3
75 84 3
51 91 3
25 52 3
5 9 3
47 73 3
20 68 3
34 86 3
25 48 3
44 54 3
18 63 3
30 42 3
8 20 3
38 85 3
29 93 3
16 17 3
65 74 3
62 93 3
75 89 3
38 67 3
16 88 3
46 72 3
0 8 3
36 56 3
89 98 3
3 43 3
18 20 3
72 82 3
32 41 3
33 93 3
0 1 3
1 43 3
34 92 3
53 84 3
48 94 3
45 68 3
83 87 3
47 78 3
8 96 3
39 57 3
67 88 3
83 90 3
26 30 3
80 89 3
50 85 3
45 88 3
32 40 3
12 22 3
42 73 3
14 70 3
57 82 3
22 95 3
57 86 3
63 82 3
13 45 3
10 24 3
71 95 3
32 88 3
33 46 3
14 34 3
50 93 3
53 60 3
70 78 3
77 83 3
29 83 3
31 74 3
23 88 3
63 80 3
0 34 3
40 77 3
2 20 3
1 70 3
64 94 3
21 57 3
32 48 3
28 61 3
36 63 3
32 38 3
34 62 3
4 58 3
74 99 3
4 59 3
20 83 3
11 64 3
2 14 3
92 96 3
6 30 3
3 80 3
2 23 4
20 98 4
41 97 4
3 45 4
7 81 4
83 91 4
59 84 4
80 85 4
42 48 4
37 62 4
53 59 4
21 34 4
46 92 4
49 84 4
23 62 4
28 73 4
26 84 4
76 95 4
63 72 4
66 78 4
28 91 4
41 76 4
84 88 4
64 92 4
7 54 4
15 71 4
32 57 4
28 83 4
61 97 4
5 37 4
13 62 4
47 87 4
29 35 4
63 75 4
4 70 4
10 13 4
36 73 4
53 95 4
19 62 4
18 53 4
11 43 4
50 76 4
42 60 4
33 40 4
35 84 4
12 29 4
46 98 4
1 2 4
1 50 4
37 99 4
75 94 4
6 76 4
79 98 4
5 25 4
21 65 4
12 77 4
21 96 4
32 83 4
81 82 4
44 84 4
31 91 4
3 10 4
37 52 4
24 49 4
84 93 4
22 34 4
18 86 4
24 90 4
7 63 4
70 82 4
46 79 4
74 84 4
49 71 4
25 36 4
53 89 4
61 85 4
37 40 4
17 43 4
5 12 4
4 14 4
26 45 4
86 88 4
27 59 4
17 63 4
25 41 4
3 73 4
64 72 4
12 13 4
70 91 4
3 29 4
29 53 4
29 50 4
84 92 4
70 90 4
42 78 4
10 75 4
4 39 4
88 89 4
14 42 4
5 87 4
34 47 5
61 67 5
8 37 5
16 87 5
16 79 5
38 48 5
37 53 5
45 59 5
19 84 5
18 99 5
10 71 5
70 81 5
49 78 5
20 23 5
10 21 5
2 9 5
32 66 5
8 91 5
46 94 5
47 91 5
14 21 5
14 18 5
40 54 5
31 69 5
8 14 5
57 91 5
52 75 5
77 92 5
46 65 5
5 83 5
28 81 5
32 33 5
79 84 5
91 99 5
2 84 5
59 65 5
23 43 5
55 67 5
17 56 5
43 50 5
29 94 5
71 78 5
41 83 5
46 67 5
0 71 5
57 65 5
21 79 5
66 80 5
31 51 5
53 99 5
46 77 5
12 56 5
16 40 5
43 54 5
55 61 5
53 63 5
19 32 5
78 92 5
24 33 5
6 53 5
9 96 5
19 93 5
3 37 5
36 46 5
72 96 5
2 31 5
13 40 5
21 97 5
21 26 5
12 39 5
50 75 5
33 39 5
59 83 5
7 31 5
3 4 5
35 43 5
24 88 5
20 41 5
29 36 5
27 87 5
31 62 5
17 51 5
71 85 5
23 66 5
7 49 5
61 96 5
17 42 5
37 44 5
47 56 5
52 97 5
23 59 5
50 92 5
36 57 5
38 83 5
36 94 5
37 41 5
40 82 5
72 97 5
13 54 5
35 82 5
2 24 6
46 97 6
43 92 6
6 27 6
39 62 6
8 58 6
15 70 6
51 96 6
42 87 6
77 79 6
62 68 6
57 69 6
36 98 6
50 51 6
15 39 6
83 99 6
8 44 6
17 61 6
6 23 6
32 46 6
0 16 6
57 77 6
12 14 6
4 22 6
10 41 6
81 88 6
0 15 6
46 55 6
44 76 6
19 50 6
51 85 6
14 73 6
87 90 6
30 75 6
37 57 6
41 48 6
57 72 6
36 74 6
7 76 6
4 57 6
26 67 6
16 92 6
24 66 6
30 33 6
3 99 6
39 74 6
24 67 6
2 4 6
14 96 6
76 97 6
40 60 6
18 70 6
18 80 6
64 99 6
10 86 6
10 81 6
53 96 6
33 68 6
82 86 6
71 89 6
27 33 6
20 77 6
15 46 6
21 39 6
28 99 6
47 58 6
36 76 6
46 57 6
57 67 6
28 98 6
33 48 6
13 77 6
5 46 6
54 75 6
49 80 6
2 48 6
18 43 6
59 95 6
61 70 6
25 62 6
43 72 6
48 86 6
14 33 6
24 93 6
31 37 6
50 94 6
1 79 6
36 70 6
76 78 6
75 96 6
0 25 6
10 63 6
72 83 6
41 50 6
21 99 6
5 51 6
10 84 6
39 59 6
53 91 6
66 70 6
30 80 7
37 72 7
71 84 7
51 52 7
12 65 7
14 86 7
0 60 7
35 87 7
0 86 7
47 80 7
44 53 7
15 66 7
29 40 7
1 16 7
12 40 7
8 81 7
26 62 7
13 57 7
43 56 7
1 99 7
72 76 7
38 52 7
9 77 7
6 70 7
16 30 7
11 44 7
10 19 7
48 68 7
19 23 7
18 51 7
23 58 7
39 67 7
17 91 7
3 53 7
60 85 7
15 95 7
0 51 7
25 94 7
23 42 7
45 82 7
71 77 7
56 82 7
9 41 7
19 43 7
44 95 7
68 96 7
15 37 7
26 39 7
4 94 7
12 15 7
60 72 7
28 85 7
45 57 7
17 55 7
32 85 7
40 59 7
10 61 7
14 93 7
37 50 7
14 87 7
19 76 7
55 99 7
72 98 7
51 82 7
12 43 7
21 61 7
38 77 7
26 42 7
14 38 7
47 89 7
2 51 7
4 93 7
51 57 7
6 89 7
66 94 7
39 81 7
4 18 7
15 53 7
64 96 7
37 86 7
18 78 7
21 38 7
9 64 7
40 69 7
35 68 7
11 21 7
16 26 7
13 46 7
35 88 7
30 40 7
33 99 7
4 96 7
45 90 7
35 51 7
71 72 7
66 84 7
9 81 7
12 76 7
37 46 7
9 73 7
25 59 8
3 84 8
27 50 8
68 97 8
0 42 8
7 27 8
54 84 8
18 94 8
25 73 8
53 61 8
11 98 8
48 65 8
38 96 8
6 88 8
44 51 8
29 88 8
58 64 8
38 53 8
34 74 8
35 49 8
18 75 8
44 55 8
4 78 8
3 11 8
8 67 8
20 90 8
1 49 8
8 55 8
44 64 8
20 87 8
19 40 8
11 45 8
85 88 8
1 45 8
85 93 8
53 75 8
24 34 8
54 80 8
58 74 8
35 55 8
26 52 8
2 12 8
26 75 8
1 59 8
44 60 8
20 89 8
10 76 8
44 91 8
24 65 8
11 42 8
67 69 8
37 65 8
72 78 8
23 75 8
11 94 8
36 59 8
52 53 8
25 78 8
15 58 8
7 33 8
25 87 8
57 63 8
14 83 8
12 79 8
2 71 8
44 47 8
11 22 8
47 50 8
48 78 8
14 62 8
58 91 8
42 68 8
29 69 8
58 90 8
29 91 8
21 83 8
22 29 8
51 61 8
18 96 8
26 71 8
11 28 8
24 56 8
10 33 8
35 47 8
61 91 8
10 43 8
16 75 8
33 98 8
13 16 8
21 40 8
65 89 8
23 80 8
73 81 8
75 90 8
22 36 8
54 90 8
9 82 8
21 45 8
20 58 8
76 83 8
33 75 9
69 91 9
22 44 9
3 92 9
27 44 9
58 82 9
30 53 9
0 83 9
22 60 9
47 98 9
4 90 9
14 95 9
31 98 9
19 37 9
32 80 9
40 96 9
75 95 9
5 15 9
27 86 9
43 46 9
6 46 9
43 77 9
8 61 9
48 76 9
8 76 9
10 73 9
36 77 9
2 81 9
18 61 9
16 72 9
48 98 9
49 70 9
69 89 9
30 84 9
56 67 9
6 75 9
6 74 9
73 83 9
31 47 9
11 49 9
20 86 9
40 89 9
52 86 9
51 99 9
6 42 9
82 88 9
72 95 9
1 51 9
69 87 9
27 68 9
11 58 9
95 97 9
39 43 9
65 69 9
0 32 9
36 86 9
21 27 9
42 58 9
25 58 9
23 39 9
42 79 9
49 61 9
15 43 9
19 99 9
40 72 9
55 80 9
21 73 9
0 98 9
60 81 9
22 93 9
38 81 9
4 30 9
2 11 9
5 62 9
46 49 9
8 46 9
14 46 9
1 84 9
56 65 9
31 95 9
22 74 9
20 76 9
82 93 9
30 66 9
27 35 9
14 35 9
8 25 9
42 72 9
8 80 9
22 62 9
8 66 9
26 47 9
0 35 9
14 31 9
6 16 9
12 24 9
6 81 9
16 20 9
50 54 9
79 86 9
6 38 10
68 74 10
26 35 10
24 40 10
2 26 10
56 83 10
51 83 10
46 53 10
70 71 10
37 87 10
26 69 10
10 40 10
23 50 10
78 90 10
25 88 10
80 82 10
17 54 10
15 28 10
1 3 10
19 35 10
5 69 10
35 63 10
2 42 10
70 99 10
21 56 10
28 94 10
87 88 10
76 96 10
79 95 10
22 81 10
51 74 10
34 96 10
1 90 10
11 62 10
27 72 10
23 86 10
65 87 10
58 69 10
70 76 10
39 71 10
39 66 10
34 49 10
24 54 10
16 73 10
62 79 10
42 70 10
6 62 10
10 12 10
66 86 10
42 83 10
34 70 10
18 54 10
8 77 10
43 64 10
0 24 10
34 59 10
48 75 10
44 57 10
12 31 10
48 74 10
77 84 10
20 22 10
25 80 10
66 76 10
13 59 10
14 58 10
39 78 10
3 74 10
83 92 10
30 71 10
55 96 10
5 49 10
77 87 10
33 78 10
43 69 10
91 93 10
47 64 10
0 78 10
63 65 10
5 67 10
14 64 10
6 52 10
61 78 10
8 57 10
61 95 10
12 60 10
74 97 10
12 18 10
53 83 10
43 70 10
30 87 10
45 58 10
58 62 10
74 81 10
81 87 10
50 66 10
43 65 10
47 60 10
33 44 10
19 30 10
1 40 11
